#
# A fatal error has been detected by the Java Runtime Environment:
#
#  EXCEPTION_ACCESS_VIOLATION (0xc0000005) at pc=0x00007ffe15b2b279, pid=67928, tid=476
#
# JRE version: OpenJDK Runtime Environment (11.0.11+9) (build 11.0.11+9-b60-7590822)
# Java VM: OpenJDK 64-Bit Server VM (11.0.11+9-b60-7590822, mixed mode, tiered, compressed oops, g1 gc, windows-amd64)
# Problematic frame:
# V  [jvm.dll+0x2db279]
#
# No core dump will be written. Minidumps are not enabled by default on client versions of Windows
#
# If you would like to submit a bug report, please visit:
#   https://bugreport.java.com/bugreport/crash.jsp
#

---------------  S U M M A R Y ------------

Command Line: --add-opens=java.base/java.util=ALL-UNNAMED --add-opens=java.base/java.lang=ALL-UNNAMED --add-opens=java.base/java.lang.invoke=ALL-UNNAMED --add-opens=java.base/java.util=ALL-UNNAMED --add-opens=java.prefs/java.util.prefs=ALL-UNNAMED --add-opens=java.prefs/java.util.prefs=ALL-UNNAMED --add-opens=java.base/java.nio.charset=ALL-UNNAMED --add-opens=java.base/java.net=ALL-UNNAMED --add-opens=java.base/java.util.concurrent.atomic=ALL-UNNAMED -Xmx2048m -Dfile.encoding=UTF-8 -Duser.country=US -Duser.language=en -Duser.variant org.gradle.launcher.daemon.bootstrap.GradleDaemon 7.2

Host: Intel(R) Core(TM) i5-8250U CPU @ 1.60GHz, 8 cores, 7G,  Windows 10 , 64 bit Build 19041 (10.0.19041.1151)
Time: Sun Feb  6 19:43:07 2022 Bangladesh Standard Time elapsed time: 94.849835 seconds (0d 0h 1m 34s)

---------------  T H R E A D  ---------------

Current thread (0x000002123ebe8000):  ConcurrentGCThread "G1 Conc#0" [stack: 0x0000007978100000,0x0000007978200000] [id=476]

Stack: [0x0000007978100000,0x0000007978200000],  sp=0x00000079781ff580,  free space=1021k
Native frames: (J=compiled Java code, j=interpreted, Vv=VM code, C=native code)
V  [jvm.dll+0x2db279]
V  [jvm.dll+0x2db1a6]
V  [jvm.dll+0x2d303d]
V  [jvm.dll+0x2d28f1]
V  [jvm.dll+0x2e0cdf]
V  [jvm.dll+0x2e3e77]
V  [jvm.dll+0x2e2b36]
V  [jvm.dll+0x2e46fb]
V  [jvm.dll+0x2e3319]
V  [jvm.dll+0x2e7656]
V  [jvm.dll+0x74d230]
V  [jvm.dll+0x6e80b5]
V  [jvm.dll+0x5f1036]
C  [ucrtbase.dll+0x21bb2]
C  [KERNEL32.DLL+0x17034]
C  [ntdll.dll+0x52651]


siginfo: EXCEPTION_ACCESS_VIOLATION (0xc0000005), reading address 0x0000000000000160


Register to memory mapping:

RIP=0x00007ffe15b2b279 jvm.dll
RAX=0x000002123ebc6580 points into unknown readable memory: 0x0000000000000000 | 00 00 00 00 00 00 00 00
RBX=
[error occurred during error reporting (printing register info), id 0xc0000005, EXCEPTION_ACCESS_VIOLATION (0xc0000005) at pc=0x00007ffe15b2abc7]

Registers:
RAX=0x000002123ebc6580, RBX=0x000000008fd25398, RCX=0x000002123ebddf90, RDX=0x0000000000000000
RSP=0x00000079781ff580, RBP=0x000002123ebddf90, RSI=0x000000010081e5e0, RDI=0x000000008fd25398
R8 =0x0000000000000000, R9 =0x000000008fd25398, R10=0x000002123ebddf90, R11=0x346dc5d63886594b
R12=0x000000000000000c, R13=0xaaaaaaaaaaaaaaab, R14=0x0000000000000000, R15=0x0000000087d25110
RIP=0x00007ffe15b2b279, EFLAGS=0x0000000000010202

Top of Stack: (sp=0x00000079781ff580)
0x00000079781ff580:   000000000000007d 0000000000000001
0x00000079781ff590:   000002123d22e570 00000079781ff7b8
0x00000079781ff5a0:   000000010081e5e8 00007ffe15b2b1a6
0x00000079781ff5b0:   0000000087d25230 000002123ebea690
0x00000079781ff5c0:   000002123ebea690 00000079781ff7b8
0x00000079781ff5d0:   0000000000000000 00000079781ff7b8
0x00000079781ff5e0:   0000000087d2513c 00007ffe15b2303d
0x00000079781ff5f0:   0000000087d25230 0000000087d25128
0x00000079781ff600:   0000000087d124d0 0000000087d12508
0x00000079781ff610:   00000079781ff790 000002123ebe8a01
0x00000079781ff620:   000000010081e2f8 00007ffe15b228f1
0x00000079781ff630:   0000000000000006 00000079781ff7b8
0x00000079781ff640:   0000000087d25110 000002123ebe8a01
0x00000079781ff650:   0000000087d25110 00007ffe15b30cdf
0x00000079781ff660:   000002123ebea690 0000000000fc0000
0x00000079781ff670:   0000000000000000 0000000000000000 

Instructions: (pc=0x00007ffe15b2b279)
0x00007ffe15b2b179:   00 00 00 00 48 8b fa 4c 8b ca 49 8b 42 08 8b 53
0x00007ffe15b2b189:   10 8b 88 c0 02 00 00 48 8b 80 b0 02 00 00 49 d3
0x00007ffe15b2b199:   e8 49 8b ca 4e 8b 04 c0 e8 ba 00 00 00 84 c0 75
0x00007ffe15b2b1a9:   0b 48 8b 5c 24 48 48 83 c4 30 5f c3 48 8b 43 20
0x00007ffe15b2b1b9:   48 8b 88 d8 02 00 00 48 8b 83 98 00 00 00 48 85
0x00007ffe15b2b1c9:   c0 74 0e 48 3b f8 72 0e 48 3b bb a0 00 00 00 72
0x00007ffe15b2b1d9:   77 48 3b f9 73 72 80 3d 92 16 72 00 00 74 15 8b
0x00007ffe15b2b1e9:   47 08 8b 0d a7 8a 6d 00 48 d3 e0 48 03 05 95 8a
0x00007ffe15b2b1f9:   6d 00 eb 04 48 8b 47 08 81 78 08 00 00 00 c0 72
0x00007ffe15b2b209:   35 48 8b 83 b0 00 00 00 48 39 83 a8 00 00 00 73
0x00007ffe15b2b219:   10 48 8b 83 c8 00 00 00 48 39 83 c0 00 00 00 72
0x00007ffe15b2b229:   27 48 8b cb e8 9e a3 00 00 b0 01 48 8b 5c 24 48
0x00007ffe15b2b239:   48 83 c4 30 5f c3 48 8d 54 24 40 48 89 7c 24 40
0x00007ffe15b2b249:   48 8b cb e8 2f 19 00 00 b0 01 48 8b 5c 24 48 48
0x00007ffe15b2b259:   83 c4 30 5f c3 cc cc 48 89 5c 24 18 48 89 6c 24
0x00007ffe15b2b269:   20 41 56 48 83 ec 20 49 8b d9 44 8b f2 48 8b e9
0x00007ffe15b2b279:   4d 3b 88 60 01 00 00 72 13 32 c0 48 8b 5c 24 40
0x00007ffe15b2b289:   48 8b 6c 24 48 48 83 c4 20 41 5e c3 48 8b 81 90
0x00007ffe15b2b299:   00 00 00 48 8b d3 48 89 74 24 30 48 2b 10 8b 48
0x00007ffe15b2b2a9:   10 48 c1 ea 03 48 d3 ea 48 8d 48 18 e8 46 33 e3
0x00007ffe15b2b2b9:   ff 0f b6 f0 84 c0 74 6f 48 89 7c 24 38 48 8b 7c
0x00007ffe15b2b2c9:   24 50 48 85 ff 75 2d 40 38 3d a1 15 72 00 74 15
0x00007ffe15b2b2d9:   8b 53 08 8b 0d b6 89 6d 00 48 d3 e2 48 03 15 a4
0x00007ffe15b2b2e9:   89 6d 00 eb 04 48 8b 53 08 48 8b cb e8 66 1f eb
0x00007ffe15b2b2f9:   ff 48 63 f8 48 8b 85 f0 02 00 00 8b 0d 8e 1b 72
0x00007ffe15b2b309:   00 4a 8b 14 f0 48 8b 42 18 48 8b 40 10 48 2b d8
0x00007ffe15b2b319:   48 d3 eb 48 8d 4a 38 8b d3 e8 b9 e4 ff ff 48 01
0x00007ffe15b2b329:   78 08 48 8b 7c 24 38 48 8b 5c 24 40 40 0f b6 c6
0x00007ffe15b2b339:   48 8b 74 24 30 48 8b 6c 24 48 48 83 c4 20 41 5e
0x00007ffe15b2b349:   c3 cc cc cc cc cc cc 4c 8b 81 b8 02 00 00 48 8b
0x00007ffe15b2b359:   81 a8 02 00 00 8b 91 c0 02 00 00 49 03 c0 8b ca
0x00007ffe15b2b369:   48 d3 e0 49 d3 e0 49 2b c0 48 83 e0 f8 c3 cc cc 


Stack slot to memory mapping:
stack at sp + 0 slots: 0x000000000000007d is an unknown value
stack at sp + 1 slots: 0x0000000000000001 is an unknown value
stack at sp + 2 slots: 0x000002123d22e570 points into unknown readable memory: 0x0073007900000132 | 32 01 00 00 79 00 73 00
stack at sp + 3 slots: 0x00000079781ff7b8 points into unknown readable memory: 0x00007ffe16072fd0 | d0 2f 07 16 fe 7f 00 00
stack at sp + 4 slots: 0x000000010081e5e8 is a pointer to class: 
org.gradle.api.internal.artifacts.ivyservice.resolveengine.result.DetachedResolvedGraphDependency {0x000000010081e5f0}
stack at sp + 5 slots: 0x00007ffe15b2b1a6 jvm.dll
stack at sp + 6 slots: 0x0000000087d25230 is an oop: java.util.LinkedHashSet 
{0x0000000087d25230} - klass: 'java/util/LinkedHashSet'
stack at sp + 7 slots: 0x000002123ebea690 points into unknown readable memory: 0x00007ffe16073050 | 50 30 07 16 fe 7f 00 00


---------------  P R O C E S S  ---------------

Threads class SMR info:
_java_thread_list=0x0000021264d4c850, length=121, elements={
0x000002123eb9c800, 0x0000021259823800, 0x000002125982d000, 0x000002125a1b4800,
0x000002125a1b6800, 0x000002125a1b9000, 0x000002125a1bc000, 0x000002125a1bd800,
0x000002125a1c0800, 0x000002125a324000, 0x000002125cde3800, 0x000002125a408000,
0x000002125bbe5000, 0x000002125bbee000, 0x000002125c142800, 0x000002125ca26000,
0x000002125bb84000, 0x000002125c8ed000, 0x000002125c8e3800, 0x000002125c8e1800,
0x000002125c8e2800, 0x000002125c8e6800, 0x000002125c8e4000, 0x000002125c8e1000,
0x000002125c8e5000, 0x000002125c8e6000, 0x000002125c8e7800, 0x000002125c3c1800,
0x000002125c3c3000, 0x000002125c3c0000, 0x000002125c3c4000, 0x000002125c3c4800,
0x000002125c3c2800, 0x000002125c3c0800, 0x000002125c3bf000, 0x000002125c3cb800,
0x000002125c3c5800, 0x000002125c3c9000, 0x000002125c3c6800, 0x000002125c3cd000,
0x000002125c3c7000, 0x000002125c3cd800, 0x000002125c6b8800, 0x000002125c6b8000,
0x000002125c6b9800, 0x000002125c6b7000, 0x000002125c6ba800, 0x000002125c6bb000,
0x000002125c6b6000, 0x000002125c6bf000, 0x000002125c6c1000, 0x000002125c6c0000,
0x000002125c6c1800, 0x000002125c6bc000, 0x000002125c6bd000, 0x000002125c6c3800,
0x000002125c6bd800, 0x000002125c6c4000, 0x000002125c6c2800, 0x000002125c6be800,
0x000002125c6c5000, 0x000002125d64a800, 0x000002125d645000, 0x000002125d64b800,
0x000002125d649000, 0x000002125d647800, 0x000002125d646000, 0x000002125d64c800,
0x000002125d646800, 0x000002125d64d000, 0x000002125d64a000, 0x000002125d64e000,
0x000002125d648800, 0x000002125d653000, 0x000002125d650800, 0x000002125d651000,
0x000002125d652000, 0x000002125d64f000, 0x000002125d653800, 0x000002125d64f800,
0x000002125b353800, 0x000002125b357000, 0x000002125b356000, 0x000002125b353000,
0x000002125b358800, 0x000002125b358000, 0x000002125b359800, 0x000002125b35a000,
0x000002125b354800, 0x000002125b35b000, 0x000002125b355800, 0x000002125b35e800,
0x000002125b35c000, 0x000002125b35c800, 0x000002125b35d800, 0x000002125b35f000,
0x000002125b360000, 0x000002125b361000, 0x000002125b361800, 0x000002125a876800,
0x000002125a879800, 0x000002125a874000, 0x000002125a877000, 0x000002125a878000,
0x000002125a87a800, 0x000002125a874800, 0x000002125a875800, 0x000002125a878800,
0x000002125a87d800, 0x000002125a87d000, 0x000002125a881000, 0x000002125a87e800,
0x000002125a87f800, 0x000002125a880000, 0x000002125a87b000, 0x000002125a881800,
0x000002125a87c000, 0x000002125a882800, 0x000002125ceac800, 0x000002125ceaa000,
0x000002125cea8000
}

Java Threads: ( => current thread )
  0x000002123eb9c800 JavaThread "main" [_thread_blocked, id=68592, stack(0x0000007977e00000,0x0000007977f00000)]
  0x0000021259823800 JavaThread "Reference Handler" daemon [_thread_blocked, id=65552, stack(0x0000007978500000,0x0000007978600000)]
  0x000002125982d000 JavaThread "Finalizer" daemon [_thread_blocked, id=68292, stack(0x0000007978600000,0x0000007978700000)]
  0x000002125a1b4800 JavaThread "Signal Dispatcher" daemon [_thread_blocked, id=68296, stack(0x0000007978700000,0x0000007978800000)]
  0x000002125a1b6800 JavaThread "Attach Listener" daemon [_thread_blocked, id=39416, stack(0x0000007978800000,0x0000007978900000)]
  0x000002125a1b9000 JavaThread "Service Thread" daemon [_thread_blocked, id=63564, stack(0x0000007978900000,0x0000007978a00000)]
  0x000002125a1bc000 JavaThread "C2 CompilerThread0" daemon [_thread_blocked, id=66296, stack(0x0000007978a00000,0x0000007978b00000)]
  0x000002125a1bd800 JavaThread "C1 CompilerThread0" daemon [_thread_blocked, id=37672, stack(0x0000007978b00000,0x0000007978c00000)]
  0x000002125a1c0800 JavaThread "Sweeper thread" daemon [_thread_blocked, id=63512, stack(0x0000007978c00000,0x0000007978d00000)]
  0x000002125a324000 JavaThread "Common-Cleaner" daemon [_thread_blocked, id=66932, stack(0x0000007978d00000,0x0000007978e00000)]
  0x000002125cde3800 JavaThread "Daemon health stats" [_thread_blocked, id=1144, stack(0x0000007979300000,0x0000007979400000)]
  0x000002125a408000 JavaThread "Incoming local TCP Connector on port 60930" [_thread_in_native, id=57956, stack(0x0000007978f00000,0x0000007979000000)]
  0x000002125bbe5000 JavaThread "Daemon periodic checks" [_thread_blocked, id=67232, stack(0x0000007979200000,0x0000007979300000)]
  0x000002125bbee000 JavaThread "Daemon" [_thread_blocked, id=67280, stack(0x0000007979400000,0x0000007979500000)]
  0x000002125c142800 JavaThread "Handler for socket connection from /127.0.0.1:60930 to /127.0.0.1:60931" [_thread_in_native, id=67068, stack(0x0000007979500000,0x0000007979600000)]
  0x000002125ca26000 JavaThread "Cancel handler" [_thread_blocked, id=63200, stack(0x0000007979600000,0x0000007979700000)]
  0x000002125bb84000 JavaThread "Daemon worker" [_thread_in_native, id=66764, stack(0x0000007979700000,0x0000007979800000)]
  0x000002125c8ed000 JavaThread "Asynchronous log dispatcher for DefaultDaemonConnection: socket connection from /127.0.0.1:60930 to /127.0.0.1:60931" [_thread_blocked, id=6904, stack(0x0000007979900000,0x0000007979a00000)]
  0x000002125c8e3800 JavaThread "Daemon client event forwarder" [_thread_blocked, id=67324, stack(0x0000007979b00000,0x0000007979c00000)]
  0x000002125c8e1800 JavaThread "Cache worker for journal cache (C:\Users\DELL\.gradle\caches\journal-1)" [_thread_blocked, id=7864, stack(0x000000797a000000,0x000000797a100000)]
  0x000002125c8e2800 JavaThread "File lock request listener" [_thread_in_native, id=7232, stack(0x000000797a100000,0x000000797a200000)]
  0x000002125c8e6800 JavaThread "Cache worker for file hash cache (C:\Users\DELL\.gradle\caches\7.2\fileHashes)" [_thread_blocked, id=68188, stack(0x000000797a300000,0x000000797a400000)]
  0x000002125c8e4000 JavaThread "Cache worker for file hash cache (D:\Android Studio Project\AndroidComposeCalendar\.gradle\7.2\fileHashes)" [_thread_blocked, id=3164, stack(0x000000797a400000,0x000000797a500000)]
  0x000002125c8e1000 JavaThread "File watcher server" daemon [_thread_in_native, id=64384, stack(0x000000797a500000,0x000000797a600000)]
  0x000002125c8e5000 JavaThread "File watcher consumer" daemon [_thread_blocked, id=6072, stack(0x000000797a600000,0x000000797a700000)]
  0x000002125c8e6000 JavaThread "jar transforms" [_thread_blocked, id=67592, stack(0x000000797a700000,0x000000797a800000)]
  0x000002125c8e7800 JavaThread "jar transforms Thread 2" [_thread_blocked, id=4412, stack(0x000000797a800000,0x000000797a900000)]
  0x000002125c3c1800 JavaThread "jar transforms Thread 3" [_thread_blocked, id=3224, stack(0x000000797a900000,0x000000797aa00000)]
  0x000002125c3c3000 JavaThread "jar transforms Thread 4" [_thread_blocked, id=63664, stack(0x000000797aa00000,0x000000797ab00000)]
  0x000002125c3c0000 JavaThread "jar transforms Thread 5" [_thread_blocked, id=68524, stack(0x000000797ab00000,0x000000797ac00000)]
  0x000002125c3c4000 JavaThread "jar transforms Thread 6" [_thread_blocked, id=39212, stack(0x000000797ac00000,0x000000797ad00000)]
  0x000002125c3c4800 JavaThread "jar transforms Thread 7" [_thread_blocked, id=68068, stack(0x000000797ad00000,0x000000797ae00000)]
  0x000002125c3c2800 JavaThread "jar transforms Thread 8" [_thread_blocked, id=67000, stack(0x000000797ae00000,0x000000797af00000)]
  0x000002125c3c0800 JavaThread "Cache worker for checksums cache (D:\Android Studio Project\AndroidComposeCalendar\.gradle\checksums)" [_thread_blocked, id=65148, stack(0x000000797af00000,0x000000797b000000)]
  0x000002125c3bf000 JavaThread "Cache worker for cache directory md-supplier (C:\Users\DELL\.gradle\caches\7.2\md-supplier)" [_thread_blocked, id=64604, stack(0x000000797b000000,0x000000797b100000)]
  0x000002125c3cb800 JavaThread "Cache worker for cache directory md-rule (C:\Users\DELL\.gradle\caches\7.2\md-rule)" [_thread_blocked, id=56056, stack(0x000000797b100000,0x000000797b200000)]
  0x000002125c3c5800 JavaThread "Cache worker for execution history cache (C:\Users\DELL\.gradle\caches\7.2\executionHistory)" [_thread_blocked, id=7736, stack(0x000000797b200000,0x000000797b300000)]
  0x000002125c3c9000 JavaThread "Cache worker for file content cache (C:\Users\DELL\.gradle\caches\7.2\fileContent)" [_thread_blocked, id=804, stack(0x000000797b500000,0x000000797b600000)]
  0x000002125c3c6800 JavaThread "Cache worker for dependencies-accessors (D:\Android Studio Project\AndroidComposeCalendar\.gradle\7.2\dependencies-accessors)" [_thread_blocked, id=62408, stack(0x000000797b400000,0x000000797b500000)]
  0x000002125c3cd000 JavaThread "Cache worker for Build Output Cleanup Cache (D:\Android Studio Project\AndroidComposeCalendar\.gradle\buildOutputCleanup)" [_thread_blocked, id=67880, stack(0x000000797b300000,0x000000797b400000)]
  0x000002125c3c7000 JavaThread "Unconstrained build operations" [_thread_blocked, id=63280, stack(0x000000797b600000,0x000000797b700000)]
  0x000002125c3cd800 JavaThread "Unconstrained build operations Thread 2" [_thread_blocked, id=64524, stack(0x000000797b700000,0x000000797b800000)]
  0x000002125c6b8800 JavaThread "Unconstrained build operations Thread 3" [_thread_blocked, id=67936, stack(0x000000797b800000,0x000000797b900000)]
  0x000002125c6b8000 JavaThread "Unconstrained build operations Thread 4" [_thread_blocked, id=67940, stack(0x000000797b900000,0x000000797ba00000)]
  0x000002125c6b9800 JavaThread "Unconstrained build operations Thread 5" [_thread_blocked, id=68036, stack(0x000000797ba00000,0x000000797bb00000)]
  0x000002125c6b7000 JavaThread "Unconstrained build operations Thread 6" [_thread_blocked, id=68008, stack(0x000000797bb00000,0x000000797bc00000)]
  0x000002125c6ba800 JavaThread "Unconstrained build operations Thread 7" [_thread_blocked, id=67852, stack(0x000000797bc00000,0x000000797bd00000)]
  0x000002125c6bb000 JavaThread "Unconstrained build operations Thread 8" [_thread_blocked, id=67840, stack(0x000000797bd00000,0x000000797be00000)]
  0x000002125c6b6000 JavaThread "Unconstrained build operations Thread 9" [_thread_blocked, id=64536, stack(0x000000797be00000,0x000000797bf00000)]
  0x000002125c6bf000 JavaThread "Unconstrained build operations Thread 10" [_thread_blocked, id=61972, stack(0x000000797bf00000,0x000000797c000000)]
  0x000002125c6c1000 JavaThread "Unconstrained build operations Thread 11" [_thread_blocked, id=67836, stack(0x000000797c000000,0x000000797c100000)]
  0x000002125c6c0000 JavaThread "Unconstrained build operations Thread 12" [_thread_blocked, id=67872, stack(0x000000797c100000,0x000000797c200000)]
  0x000002125c6c1800 JavaThread "Unconstrained build operations Thread 13" [_thread_blocked, id=67904, stack(0x000000797c200000,0x000000797c300000)]
  0x000002125c6bc000 JavaThread "Unconstrained build operations Thread 14" [_thread_blocked, id=7604, stack(0x000000797c300000,0x000000797c400000)]
  0x000002125c6bd000 JavaThread "Unconstrained build operations Thread 15" [_thread_blocked, id=65240, stack(0x000000797c400000,0x000000797c500000)]
  0x000002125c6c3800 JavaThread "Unconstrained build operations Thread 16" [_thread_blocked, id=67060, stack(0x000000797c500000,0x000000797c600000)]
  0x000002125c6bd800 JavaThread "Unconstrained build operations Thread 17" [_thread_blocked, id=61744, stack(0x000000797c600000,0x000000797c700000)]
  0x000002125c6c4000 JavaThread "Unconstrained build operations Thread 18" [_thread_blocked, id=67916, stack(0x000000797c700000,0x000000797c800000)]
  0x000002125c6c2800 JavaThread "Unconstrained build operations Thread 19" [_thread_blocked, id=67900, stack(0x000000797c800000,0x000000797c900000)]
  0x000002125c6be800 JavaThread "Unconstrained build operations Thread 20" [_thread_blocked, id=6908, stack(0x000000797c900000,0x000000797ca00000)]
  0x000002125c6c5000 JavaThread "Unconstrained build operations Thread 21" [_thread_blocked, id=67876, stack(0x000000797ca00000,0x000000797cb00000)]
  0x000002125d64a800 JavaThread "Unconstrained build operations Thread 22" [_thread_blocked, id=63756, stack(0x000000797cb00000,0x000000797cc00000)]
  0x000002125d645000 JavaThread "Unconstrained build operations Thread 23" [_thread_blocked, id=65632, stack(0x000000797cc00000,0x000000797cd00000)]
  0x000002125d64b800 JavaThread "Unconstrained build operations Thread 24" [_thread_blocked, id=65088, stack(0x000000797cd00000,0x000000797ce00000)]
  0x000002125d649000 JavaThread "Unconstrained build operations Thread 25" [_thread_blocked, id=68012, stack(0x000000797ce00000,0x000000797cf00000)]
  0x000002125d647800 JavaThread "Unconstrained build operations Thread 26" [_thread_blocked, id=8056, stack(0x000000797cf00000,0x000000797d000000)]
  0x000002125d646000 JavaThread "Unconstrained build operations Thread 27" [_thread_blocked, id=36000, stack(0x000000797d000000,0x000000797d100000)]
  0x000002125d64c800 JavaThread "Unconstrained build operations Thread 28" [_thread_blocked, id=67960, stack(0x000000797d100000,0x000000797d200000)]
  0x000002125d646800 JavaThread "Unconstrained build operations Thread 29" [_thread_blocked, id=68476, stack(0x000000797d200000,0x000000797d300000)]
  0x000002125d64d000 JavaThread "Unconstrained build operations Thread 30" [_thread_blocked, id=67860, stack(0x000000797d300000,0x000000797d400000)]
  0x000002125d64a000 JavaThread "Unconstrained build operations Thread 31" [_thread_blocked, id=67804, stack(0x000000797d400000,0x000000797d500000)]
  0x000002125d64e000 JavaThread "Unconstrained build operations Thread 32" [_thread_blocked, id=2820, stack(0x000000797d500000,0x000000797d600000)]
  0x000002125d648800 JavaThread "Unconstrained build operations Thread 33" [_thread_blocked, id=57952, stack(0x000000797d600000,0x000000797d700000)]
  0x000002125d653000 JavaThread "Unconstrained build operations Thread 34" [_thread_blocked, id=66888, stack(0x000000797d700000,0x000000797d800000)]
  0x000002125d650800 JavaThread "Unconstrained build operations Thread 35" [_thread_blocked, id=67768, stack(0x000000797d800000,0x000000797d900000)]
  0x000002125d651000 JavaThread "Unconstrained build operations Thread 36" [_thread_blocked, id=65664, stack(0x000000797d900000,0x000000797da00000)]
  0x000002125d652000 JavaThread "Unconstrained build operations Thread 37" [_thread_blocked, id=24852, stack(0x000000797da00000,0x000000797db00000)]
  0x000002125d64f000 JavaThread "Unconstrained build operations Thread 38" [_thread_blocked, id=67992, stack(0x000000797db00000,0x000000797dc00000)]
  0x000002125d653800 JavaThread "Unconstrained build operations Thread 39" [_thread_blocked, id=67244, stack(0x000000797dc00000,0x000000797dd00000)]
  0x000002125d64f800 JavaThread "Unconstrained build operations Thread 40" [_thread_blocked, id=68100, stack(0x000000797dd00000,0x000000797de00000)]
  0x000002125b353800 JavaThread "Unconstrained build operations Thread 41" [_thread_blocked, id=68276, stack(0x000000797de00000,0x000000797df00000)]
  0x000002125b357000 JavaThread "Unconstrained build operations Thread 42" [_thread_blocked, id=67888, stack(0x000000797df00000,0x000000797e000000)]
  0x000002125b356000 JavaThread "Unconstrained build operations Thread 43" [_thread_blocked, id=67604, stack(0x000000797e000000,0x000000797e100000)]
  0x000002125b353000 JavaThread "Unconstrained build operations Thread 44" [_thread_blocked, id=66904, stack(0x000000797e100000,0x000000797e200000)]
  0x000002125b358800 JavaThread "Unconstrained build operations Thread 45" [_thread_blocked, id=52628, stack(0x000000797e200000,0x000000797e300000)]
  0x000002125b358000 JavaThread "Unconstrained build operations Thread 46" [_thread_blocked, id=65328, stack(0x000000797e300000,0x000000797e400000)]
  0x000002125b359800 JavaThread "Unconstrained build operations Thread 47" [_thread_blocked, id=59252, stack(0x000000797e400000,0x000000797e500000)]
  0x000002125b35a000 JavaThread "Unconstrained build operations Thread 48" [_thread_blocked, id=68316, stack(0x000000797e500000,0x000000797e600000)]
  0x000002125b354800 JavaThread "Unconstrained build operations Thread 49" [_thread_blocked, id=2540, stack(0x000000797e600000,0x000000797e700000)]
  0x000002125b35b000 JavaThread "Unconstrained build operations Thread 50" [_thread_blocked, id=45448, stack(0x000000797e700000,0x000000797e800000)]
  0x000002125b355800 JavaThread "Unconstrained build operations Thread 51" [_thread_blocked, id=67776, stack(0x000000797e900000,0x000000797ea00000)]
  0x000002125b35e800 JavaThread "Unconstrained build operations Thread 52" [_thread_blocked, id=68336, stack(0x000000797ea00000,0x000000797eb00000)]
  0x000002125b35c000 JavaThread "Unconstrained build operations Thread 53" [_thread_blocked, id=58224, stack(0x000000797eb00000,0x000000797ec00000)]
  0x000002125b35c800 JavaThread "Unconstrained build operations Thread 54" [_thread_blocked, id=63040, stack(0x000000797ec00000,0x000000797ed00000)]
  0x000002125b35d800 JavaThread "Unconstrained build operations Thread 55" [_thread_blocked, id=68164, stack(0x000000797ed00000,0x000000797ee00000)]
  0x000002125b35f000 JavaThread "Unconstrained build operations Thread 56" [_thread_blocked, id=9552, stack(0x000000797ee00000,0x000000797ef00000)]
  0x000002125b360000 JavaThread "Unconstrained build operations Thread 57" [_thread_blocked, id=60772, stack(0x000000797ef00000,0x000000797f000000)]
  0x000002125b361000 JavaThread "Unconstrained build operations Thread 58" [_thread_blocked, id=67596, stack(0x000000797f000000,0x000000797f100000)]
  0x000002125b361800 JavaThread "Unconstrained build operations Thread 59" [_thread_blocked, id=67684, stack(0x000000797f100000,0x000000797f200000)]
  0x000002125a876800 JavaThread "Unconstrained build operations Thread 60" [_thread_blocked, id=67328, stack(0x000000797f200000,0x000000797f300000)]
  0x000002125a879800 JavaThread "Unconstrained build operations Thread 61" [_thread_blocked, id=68284, stack(0x000000797f300000,0x000000797f400000)]
  0x000002125a874000 JavaThread "Unconstrained build operations Thread 62" [_thread_blocked, id=68288, stack(0x000000797f400000,0x000000797f500000)]
  0x000002125a877000 JavaThread "Unconstrained build operations Thread 63" [_thread_blocked, id=65912, stack(0x000000797f500000,0x000000797f600000)]
  0x000002125a878000 JavaThread "Unconstrained build operations Thread 64" [_thread_blocked, id=67680, stack(0x000000797f600000,0x000000797f700000)]
  0x000002125a87a800 JavaThread "Unconstrained build operations Thread 65" [_thread_blocked, id=68064, stack(0x000000797f700000,0x000000797f800000)]
  0x000002125a874800 JavaThread "Unconstrained build operations Thread 66" [_thread_blocked, id=68096, stack(0x000000797f800000,0x000000797f900000)]
  0x000002125a875800 JavaThread "Unconstrained build operations Thread 67" [_thread_blocked, id=65548, stack(0x000000797f900000,0x000000797fa00000)]
  0x000002125a878800 JavaThread "Unconstrained build operations Thread 68" [_thread_blocked, id=68112, stack(0x000000797fa00000,0x000000797fb00000)]
  0x000002125a87d800 JavaThread "Unconstrained build operations Thread 69" [_thread_blocked, id=55756, stack(0x000000797fb00000,0x000000797fc00000)]
  0x000002125a87d000 JavaThread "Unconstrained build operations Thread 70" [_thread_blocked, id=67472, stack(0x000000797fc00000,0x000000797fd00000)]
  0x000002125a881000 JavaThread "Unconstrained build operations Thread 71" [_thread_blocked, id=44560, stack(0x000000797fd00000,0x000000797fe00000)]
  0x000002125a87e800 JavaThread "Unconstrained build operations Thread 72" [_thread_blocked, id=66740, stack(0x000000797fe00000,0x000000797ff00000)]
  0x000002125a87f800 JavaThread "Unconstrained build operations Thread 73" [_thread_blocked, id=68264, stack(0x000000797ff00000,0x0000007980000000)]
  0x000002125a880000 JavaThread "Unconstrained build operations Thread 74" [_thread_blocked, id=68156, stack(0x0000007900000000,0x0000007900100000)]
  0x000002125a87b000 JavaThread "Unconstrained build operations Thread 75" [_thread_blocked, id=65392, stack(0x0000007900100000,0x0000007900200000)]
  0x000002125a881800 JavaThread "Unconstrained build operations Thread 76" [_thread_blocked, id=63596, stack(0x0000007900200000,0x0000007900300000)]
  0x000002125a87c000 JavaThread "Unconstrained build operations Thread 77" [_thread_blocked, id=68144, stack(0x0000007900300000,0x0000007900400000)]
  0x000002125a882800 JavaThread "Unconstrained build operations Thread 78" [_thread_blocked, id=6900, stack(0x0000007900400000,0x0000007900500000)]
  0x000002125ceac800 JavaThread "Unconstrained build operations Thread 79" [_thread_blocked, id=2100, stack(0x0000007900500000,0x0000007900600000)]
  0x000002125ceaa000 JavaThread "Unconstrained build operations Thread 80" [_thread_blocked, id=2232, stack(0x0000007900600000,0x0000007900700000)]
  0x000002125cea8000 JavaThread "Memory manager" [_thread_blocked, id=67128, stack(0x0000007900b00000,0x0000007900c00000)]

Other Threads:
  0x0000021259822000 VMThread "VM Thread" [stack: 0x0000007978400000,0x0000007978500000] [id=5816]
  0x000002125a332000 WatcherThread [stack: 0x0000007978e00000,0x0000007978f00000] [id=46048]
  0x000002123ebb7000 GCTaskThread "GC Thread#0" [stack: 0x0000007977f00000,0x0000007978000000] [id=47716]
  0x000002125b0b8000 GCTaskThread "GC Thread#1" [stack: 0x0000007979000000,0x0000007979100000] [id=21164]
  0x000002125b470000 GCTaskThread "GC Thread#2" [stack: 0x0000007979100000,0x0000007979200000] [id=2732]
  0x000002125c916800 GCTaskThread "GC Thread#3" [stack: 0x0000007979800000,0x0000007979900000] [id=65924]
  0x000002125c901800 GCTaskThread "GC Thread#4" [stack: 0x0000007979c00000,0x0000007979d00000] [id=67864]
  0x000002125bcc9800 GCTaskThread "GC Thread#5" [stack: 0x0000007979d00000,0x0000007979e00000] [id=25408]
  0x000002125c745800 GCTaskThread "GC Thread#6" [stack: 0x0000007979e00000,0x0000007979f00000] [id=64996]
  0x000002125c281800 GCTaskThread "GC Thread#7" [stack: 0x0000007979f00000,0x000000797a000000] [id=67912]
  0x000002123ebe7000 ConcurrentGCThread "G1 Main Marker" [stack: 0x0000007978000000,0x0000007978100000] [id=65048]
=>0x000002123ebe8000 ConcurrentGCThread "G1 Conc#0" [stack: 0x0000007978100000,0x0000007978200000] [id=476]
  0x000002125c331000 ConcurrentGCThread "G1 Conc#1" [stack: 0x000000797a200000,0x000000797a300000] [id=68436]
  0x0000021259670800 ConcurrentGCThread "G1 Refine#0" [stack: 0x0000007978200000,0x0000007978300000] [id=67300]
  0x0000021259671800 ConcurrentGCThread "G1 Young RemSet Sampling" [stack: 0x0000007978300000,0x0000007978400000] [id=65568]

Threads with active compile tasks:

VM state:not at safepoint (normal execution)

VM Mutex/Monitor currently owned by a thread: None

Heap address: 0x0000000080000000, size: 2048 MB, Compressed Oops mode: 32-bit
Narrow klass base: 0x0000000000000000, Narrow klass shift: 3
Compressed class space size: 1073741824 Address: 0x0000000100000000

Heap:
 garbage-first heap   total 157696K, used 132328K [0x0000000080000000, 0x0000000100000000)
  region size 1024K, 5 young (5120K), 2 survivors (2048K)
 Metaspace       used 107513K, capacity 110430K, committed 110504K, reserved 1144832K
  class space    used 13786K, capacity 14820K, committed 14848K, reserved 1048576K
Heap Regions: E=young(eden), S=young(survivor), O=old, HS=humongous(starts), HC=humongous(continues), CS=collection set, F=free, A=archive, TAMS=top-at-mark-start (previous, next)
|   0|0x0000000080000000, 0x0000000080100000, 0x0000000080100000|100%| O|  |TAMS 0x0000000080100000, 0x0000000080100000| Untracked 
|   1|0x0000000080100000, 0x0000000080200000, 0x0000000080200000|100%| O|  |TAMS 0x0000000080200000, 0x0000000080200000| Untracked 
|   2|0x0000000080200000, 0x0000000080300000, 0x0000000080300000|100%| O|  |TAMS 0x0000000080300000, 0x0000000080300000| Untracked 
|   3|0x0000000080300000, 0x0000000080400000, 0x0000000080400000|100%|HS|  |TAMS 0x0000000080400000, 0x0000000080400000| Complete 
|   4|0x0000000080400000, 0x0000000080500000, 0x0000000080500000|100%|HC|  |TAMS 0x0000000080500000, 0x0000000080500000| Complete 
|   5|0x0000000080500000, 0x0000000080600000, 0x0000000080600000|100%|HC|  |TAMS 0x0000000080600000, 0x0000000080600000| Complete 
|   6|0x0000000080600000, 0x0000000080700000, 0x0000000080700000|100%| O|  |TAMS 0x0000000080700000, 0x0000000080700000| Untracked 
|   7|0x0000000080700000, 0x0000000080800000, 0x0000000080800000|100%| O|  |TAMS 0x0000000080800000, 0x0000000080800000| Untracked 
|   8|0x0000000080800000, 0x0000000080900000, 0x0000000080900000|100%| O|  |TAMS 0x0000000080900000, 0x0000000080900000| Untracked 
|   9|0x0000000080900000, 0x0000000080a00000, 0x0000000080a00000|100%| O|  |TAMS 0x0000000080a00000, 0x0000000080a00000| Untracked 
|  10|0x0000000080a00000, 0x0000000080b00000, 0x0000000080b00000|100%| O|  |TAMS 0x0000000080b00000, 0x0000000080b00000| Untracked 
|  11|0x0000000080b00000, 0x0000000080c00000, 0x0000000080c00000|100%| O|  |TAMS 0x0000000080c00000, 0x0000000080c00000| Untracked 
|  12|0x0000000080c00000, 0x0000000080d00000, 0x0000000080d00000|100%| O|  |TAMS 0x0000000080d00000, 0x0000000080d00000| Untracked 
|  13|0x0000000080d00000, 0x0000000080e00000, 0x0000000080e00000|100%| O|  |TAMS 0x0000000080e00000, 0x0000000080e00000| Untracked 
|  14|0x0000000080e00000, 0x0000000080f00000, 0x0000000080f00000|100%| O|  |TAMS 0x0000000080f00000, 0x0000000080f00000| Untracked 
|  15|0x0000000080f00000, 0x0000000081000000, 0x0000000081000000|100%| O|  |TAMS 0x0000000081000000, 0x0000000081000000| Untracked 
|  16|0x0000000081000000, 0x0000000081100000, 0x0000000081100000|100%| O|  |TAMS 0x0000000081100000, 0x0000000081100000| Untracked 
|  17|0x0000000081100000, 0x0000000081200000, 0x0000000081200000|100%|HS|  |TAMS 0x0000000081200000, 0x0000000081200000| Complete 
|  18|0x0000000081200000, 0x0000000081300000, 0x0000000081300000|100%|HC|  |TAMS 0x0000000081300000, 0x0000000081300000| Complete 
|  19|0x0000000081300000, 0x0000000081400000, 0x0000000081400000|100%|HS|  |TAMS 0x0000000081400000, 0x0000000081400000| Complete 
|  20|0x0000000081400000, 0x0000000081500000, 0x0000000081500000|100%|HC|  |TAMS 0x0000000081500000, 0x0000000081500000| Complete 
|  21|0x0000000081500000, 0x0000000081600000, 0x0000000081600000|100%|HC|  |TAMS 0x0000000081600000, 0x0000000081600000| Complete 
|  22|0x0000000081600000, 0x0000000081700000, 0x0000000081700000|100%|HS|  |TAMS 0x0000000081700000, 0x0000000081700000| Complete 
|  23|0x0000000081700000, 0x0000000081800000, 0x0000000081800000|100%|HC|  |TAMS 0x0000000081800000, 0x0000000081800000| Complete 
|  24|0x0000000081800000, 0x0000000081900000, 0x0000000081900000|100%|HC|  |TAMS 0x0000000081900000, 0x0000000081900000| Complete 
|  25|0x0000000081900000, 0x0000000081a00000, 0x0000000081a00000|100%|HC|  |TAMS 0x0000000081a00000, 0x0000000081a00000| Complete 
|  26|0x0000000081a00000, 0x0000000081b00000, 0x0000000081b00000|100%| O|  |TAMS 0x0000000081b00000, 0x0000000081b00000| Untracked 
|  27|0x0000000081b00000, 0x0000000081c00000, 0x0000000081c00000|100%| O|  |TAMS 0x0000000081c00000, 0x0000000081c00000| Untracked 
|  28|0x0000000081c00000, 0x0000000081d00000, 0x0000000081d00000|100%| O|  |TAMS 0x0000000081d00000, 0x0000000081d00000| Untracked 
|  29|0x0000000081d00000, 0x0000000081e00000, 0x0000000081e00000|100%| O|  |TAMS 0x0000000081e00000, 0x0000000081e00000| Untracked 
|  30|0x0000000081e00000, 0x0000000081f00000, 0x0000000081f00000|100%| O|  |TAMS 0x0000000081f00000, 0x0000000081f00000| Untracked 
|  31|0x0000000081f00000, 0x0000000082000000, 0x0000000082000000|100%| O|  |TAMS 0x0000000082000000, 0x0000000082000000| Untracked 
|  32|0x0000000082000000, 0x0000000082100000, 0x0000000082100000|100%| O|  |TAMS 0x0000000082100000, 0x0000000082100000| Untracked 
|  33|0x0000000082100000, 0x0000000082200000, 0x0000000082200000|100%| O|  |TAMS 0x0000000082200000, 0x0000000082200000| Untracked 
|  34|0x0000000082200000, 0x0000000082300000, 0x0000000082300000|100%|HS|  |TAMS 0x0000000082300000, 0x0000000082300000| Complete 
|  35|0x0000000082300000, 0x0000000082400000, 0x0000000082400000|100%|HC|  |TAMS 0x0000000082400000, 0x0000000082400000| Complete 
|  36|0x0000000082400000, 0x0000000082500000, 0x0000000082500000|100%|HC|  |TAMS 0x0000000082500000, 0x0000000082500000| Complete 
|  37|0x0000000082500000, 0x0000000082600000, 0x0000000082600000|100%| O|  |TAMS 0x0000000082600000, 0x0000000082600000| Untracked 
|  38|0x0000000082600000, 0x0000000082700000, 0x0000000082700000|100%| O|  |TAMS 0x0000000082700000, 0x0000000082700000| Untracked 
|  39|0x0000000082700000, 0x0000000082800000, 0x0000000082800000|100%|HS|  |TAMS 0x0000000082800000, 0x0000000082800000| Complete 
|  40|0x0000000082800000, 0x0000000082900000, 0x0000000082900000|100%|HC|  |TAMS 0x0000000082900000, 0x0000000082900000| Complete 
|  41|0x0000000082900000, 0x0000000082a00000, 0x0000000082a00000|100%|HC|  |TAMS 0x0000000082a00000, 0x0000000082a00000| Complete 
|  42|0x0000000082a00000, 0x0000000082b00000, 0x0000000082b00000|100%|HC|  |TAMS 0x0000000082b00000, 0x0000000082b00000| Complete 
|  43|0x0000000082b00000, 0x0000000082c00000, 0x0000000082c00000|100%| O|  |TAMS 0x0000000082c00000, 0x0000000082c00000| Untracked 
|  44|0x0000000082c00000, 0x0000000082d00000, 0x0000000082d00000|100%| O|  |TAMS 0x0000000082d00000, 0x0000000082d00000| Untracked 
|  45|0x0000000082d00000, 0x0000000082e00000, 0x0000000082e00000|100%| O|  |TAMS 0x0000000082e00000, 0x0000000082e00000| Untracked 
|  46|0x0000000082e00000, 0x0000000082f00000, 0x0000000082f00000|100%| O|  |TAMS 0x0000000082f00000, 0x0000000082f00000| Untracked 
|  47|0x0000000082f00000, 0x0000000083000000, 0x0000000083000000|100%| O|  |TAMS 0x0000000083000000, 0x0000000083000000| Untracked 
|  48|0x0000000083000000, 0x0000000083100000, 0x0000000083100000|100%| O|  |TAMS 0x0000000083100000, 0x0000000083100000| Untracked 
|  49|0x0000000083100000, 0x0000000083200000, 0x0000000083200000|100%| O|  |TAMS 0x0000000083200000, 0x0000000083200000| Untracked 
|  50|0x0000000083200000, 0x0000000083300000, 0x0000000083300000|100%| O|  |TAMS 0x0000000083300000, 0x0000000083300000| Untracked 
|  51|0x0000000083300000, 0x0000000083400000, 0x0000000083400000|100%|HS|  |TAMS 0x0000000083400000, 0x0000000083400000| Complete 
|  52|0x0000000083400000, 0x0000000083500000, 0x0000000083500000|100%|HS|  |TAMS 0x0000000083500000, 0x0000000083500000| Complete 
|  53|0x0000000083500000, 0x0000000083600000, 0x0000000083600000|100%|HS|  |TAMS 0x0000000083600000, 0x0000000083600000| Complete 
|  54|0x0000000083600000, 0x0000000083700000, 0x0000000083700000|100%|HS|  |TAMS 0x0000000083700000, 0x0000000083700000| Complete 
|  55|0x0000000083700000, 0x0000000083800000, 0x0000000083800000|100%|HC|  |TAMS 0x0000000083800000, 0x0000000083800000| Complete 
|  56|0x0000000083800000, 0x0000000083900000, 0x0000000083900000|100%|HC|  |TAMS 0x0000000083900000, 0x0000000083900000| Complete 
|  57|0x0000000083900000, 0x0000000083a00000, 0x0000000083a00000|100%|HS|  |TAMS 0x0000000083a00000, 0x0000000083a00000| Complete 
|  58|0x0000000083a00000, 0x0000000083b00000, 0x0000000083b00000|100%|HC|  |TAMS 0x0000000083b00000, 0x0000000083b00000| Complete 
|  59|0x0000000083b00000, 0x0000000083c00000, 0x0000000083c00000|100%| O|  |TAMS 0x0000000083c00000, 0x0000000083c00000| Untracked 
|  60|0x0000000083c00000, 0x0000000083d00000, 0x0000000083d00000|100%| O|  |TAMS 0x0000000083d00000, 0x0000000083d00000| Untracked 
|  61|0x0000000083d00000, 0x0000000083e00000, 0x0000000083e00000|100%| O|  |TAMS 0x0000000083e00000, 0x0000000083e00000| Untracked 
|  62|0x0000000083e00000, 0x0000000083f00000, 0x0000000083f00000|100%| O|  |TAMS 0x0000000083f00000, 0x0000000083f00000| Untracked 
|  63|0x0000000083f00000, 0x0000000084000000, 0x0000000084000000|100%| O|  |TAMS 0x0000000084000000, 0x0000000084000000| Untracked 
|  64|0x0000000084000000, 0x0000000084100000, 0x0000000084100000|100%| O|  |TAMS 0x0000000084100000, 0x0000000084100000| Untracked 
|  65|0x0000000084100000, 0x0000000084200000, 0x0000000084200000|100%| O|  |TAMS 0x0000000084200000, 0x0000000084200000| Untracked 
|  66|0x0000000084200000, 0x0000000084300000, 0x0000000084300000|100%| O|  |TAMS 0x0000000084300000, 0x0000000084300000| Untracked 
|  67|0x0000000084300000, 0x0000000084400000, 0x0000000084400000|100%| O|  |TAMS 0x0000000084400000, 0x0000000084400000| Untracked 
|  68|0x0000000084400000, 0x0000000084500000, 0x0000000084500000|100%| O|  |TAMS 0x0000000084500000, 0x0000000084500000| Untracked 
|  69|0x0000000084500000, 0x0000000084600000, 0x0000000084600000|100%| O|  |TAMS 0x0000000084600000, 0x0000000084600000| Untracked 
|  70|0x0000000084600000, 0x0000000084700000, 0x0000000084700000|100%| O|  |TAMS 0x0000000084700000, 0x0000000084700000| Untracked 
|  71|0x0000000084700000, 0x0000000084800000, 0x0000000084800000|100%| O|  |TAMS 0x0000000084800000, 0x0000000084800000| Untracked 
|  72|0x0000000084800000, 0x0000000084900000, 0x0000000084900000|100%| O|  |TAMS 0x0000000084900000, 0x0000000084900000| Untracked 
|  73|0x0000000084900000, 0x0000000084a00000, 0x0000000084a00000|100%| O|  |TAMS 0x0000000084a00000, 0x0000000084a00000| Untracked 
|  74|0x0000000084a00000, 0x0000000084b00000, 0x0000000084b00000|100%| O|  |TAMS 0x0000000084b00000, 0x0000000084b00000| Untracked 
|  75|0x0000000084b00000, 0x0000000084c00000, 0x0000000084c00000|100%| O|  |TAMS 0x0000000084c00000, 0x0000000084c00000| Untracked 
|  76|0x0000000084c00000, 0x0000000084d00000, 0x0000000084d00000|100%| O|  |TAMS 0x0000000084d00000, 0x0000000084d00000| Untracked 
|  77|0x0000000084d00000, 0x0000000084e00000, 0x0000000084e00000|100%| O|  |TAMS 0x0000000084e00000, 0x0000000084e00000| Untracked 
|  78|0x0000000084e00000, 0x0000000084f00000, 0x0000000084f00000|100%| O|  |TAMS 0x0000000084f00000, 0x0000000084f00000| Untracked 
|  79|0x0000000084f00000, 0x0000000085000000, 0x0000000085000000|100%| O|  |TAMS 0x0000000085000000, 0x0000000085000000| Untracked 
|  80|0x0000000085000000, 0x0000000085100000, 0x0000000085100000|100%| O|  |TAMS 0x0000000085100000, 0x0000000085100000| Untracked 
|  81|0x0000000085100000, 0x0000000085200000, 0x0000000085200000|100%| O|  |TAMS 0x0000000085200000, 0x0000000085200000| Untracked 
|  82|0x0000000085200000, 0x0000000085300000, 0x0000000085300000|100%| O|  |TAMS 0x0000000085300000, 0x0000000085300000| Untracked 
|  83|0x0000000085300000, 0x0000000085400000, 0x0000000085400000|100%| O|  |TAMS 0x0000000085400000, 0x0000000085400000| Untracked 
|  84|0x0000000085400000, 0x0000000085500000, 0x0000000085500000|100%| O|  |TAMS 0x0000000085500000, 0x0000000085500000| Untracked 
|  85|0x0000000085500000, 0x0000000085600000, 0x0000000085600000|100%| O|  |TAMS 0x0000000085600000, 0x0000000085600000| Untracked 
|  86|0x0000000085600000, 0x0000000085700000, 0x0000000085700000|100%|HS|  |TAMS 0x0000000085700000, 0x0000000085700000| Complete 
|  87|0x0000000085700000, 0x0000000085800000, 0x0000000085800000|100%|HC|  |TAMS 0x0000000085800000, 0x0000000085800000| Complete 
|  88|0x0000000085800000, 0x0000000085900000, 0x0000000085900000|100%|HS|  |TAMS 0x0000000085900000, 0x0000000085900000| Complete 
|  89|0x0000000085900000, 0x0000000085a00000, 0x0000000085a00000|100%|HC|  |TAMS 0x0000000085a00000, 0x0000000085a00000| Complete 
|  90|0x0000000085a00000, 0x0000000085b00000, 0x0000000085b00000|100%|HC|  |TAMS 0x0000000085b00000, 0x0000000085b00000| Complete 
|  91|0x0000000085b00000, 0x0000000085c00000, 0x0000000085c00000|100%| O|  |TAMS 0x0000000085c00000, 0x0000000085c00000| Untracked 
|  92|0x0000000085c00000, 0x0000000085d00000, 0x0000000085d00000|100%| O|  |TAMS 0x0000000085d00000, 0x0000000085d00000| Untracked 
|  93|0x0000000085d00000, 0x0000000085e00000, 0x0000000085e00000|100%| O|  |TAMS 0x0000000085e00000, 0x0000000085e00000| Untracked 
|  94|0x0000000085e00000, 0x0000000085f00000, 0x0000000085f00000|100%| O|  |TAMS 0x0000000085f00000, 0x0000000085f00000| Untracked 
|  95|0x0000000085f00000, 0x0000000086000000, 0x0000000086000000|100%| O|  |TAMS 0x0000000086000000, 0x0000000086000000| Untracked 
|  96|0x0000000086000000, 0x0000000086100000, 0x0000000086100000|100%|HS|  |TAMS 0x0000000086100000, 0x0000000086100000| Complete 
|  97|0x0000000086100000, 0x0000000086200000, 0x0000000086200000|100%|HC|  |TAMS 0x0000000086200000, 0x0000000086200000| Complete 
|  98|0x0000000086200000, 0x0000000086300000, 0x0000000086300000|100%|HC|  |TAMS 0x0000000086300000, 0x0000000086300000| Complete 
|  99|0x0000000086300000, 0x0000000086400000, 0x0000000086400000|100%|HC|  |TAMS 0x0000000086400000, 0x0000000086400000| Complete 
| 100|0x0000000086400000, 0x0000000086500000, 0x0000000086500000|100%| O|  |TAMS 0x0000000086500000, 0x0000000086500000| Untracked 
| 101|0x0000000086500000, 0x0000000086600000, 0x0000000086600000|100%| O|  |TAMS 0x0000000086600000, 0x0000000086600000| Untracked 
| 102|0x0000000086600000, 0x0000000086700000, 0x0000000086700000|100%| O|  |TAMS 0x0000000086700000, 0x0000000086700000| Untracked 
| 103|0x0000000086700000, 0x0000000086800000, 0x0000000086800000|100%| O|  |TAMS 0x0000000086800000, 0x0000000086800000| Untracked 
| 104|0x0000000086800000, 0x0000000086900000, 0x0000000086900000|100%| O|  |TAMS 0x0000000086900000, 0x0000000086900000| Untracked 
| 105|0x0000000086900000, 0x0000000086a00000, 0x0000000086a00000|100%| O|  |TAMS 0x0000000086a00000, 0x0000000086a00000| Untracked 
| 106|0x0000000086a00000, 0x0000000086b00000, 0x0000000086b00000|100%| O|  |TAMS 0x0000000086b00000, 0x0000000086b00000| Untracked 
| 107|0x0000000086b00000, 0x0000000086c00000, 0x0000000086c00000|100%| O|  |TAMS 0x0000000086c00000, 0x0000000086c00000| Untracked 
| 108|0x0000000086c00000, 0x0000000086d00000, 0x0000000086d00000|100%| O|  |TAMS 0x0000000086d00000, 0x0000000086d00000| Untracked 
| 109|0x0000000086d00000, 0x0000000086e00000, 0x0000000086e00000|100%| O|  |TAMS 0x0000000086e00000, 0x0000000086e00000| Untracked 
| 110|0x0000000086e00000, 0x0000000086f00000, 0x0000000086f00000|100%| O|  |TAMS 0x0000000086f00000, 0x0000000086f00000| Untracked 
| 111|0x0000000086f00000, 0x0000000087000000, 0x0000000087000000|100%| O|  |TAMS 0x0000000087000000, 0x0000000087000000| Untracked 
| 112|0x0000000087000000, 0x0000000087100000, 0x0000000087100000|100%| O|  |TAMS 0x0000000087100000, 0x0000000087100000| Untracked 
| 113|0x0000000087100000, 0x0000000087200000, 0x0000000087200000|100%| O|  |TAMS 0x0000000087200000, 0x0000000087200000| Untracked 
| 114|0x0000000087200000, 0x0000000087300000, 0x0000000087300000|100%| O|  |TAMS 0x0000000087300000, 0x0000000087300000| Untracked 
| 115|0x0000000087300000, 0x0000000087400000, 0x0000000087400000|100%| O|  |TAMS 0x0000000087400000, 0x0000000087400000| Untracked 
| 116|0x0000000087400000, 0x0000000087500000, 0x0000000087500000|100%| O|  |TAMS 0x0000000087500000, 0x0000000087500000| Untracked 
| 117|0x0000000087500000, 0x0000000087600000, 0x0000000087600000|100%| O|  |TAMS 0x0000000087600000, 0x0000000087600000| Untracked 
| 118|0x0000000087600000, 0x0000000087700000, 0x0000000087700000|100%| O|  |TAMS 0x0000000087700000, 0x0000000087700000| Untracked 
| 119|0x0000000087700000, 0x0000000087800000, 0x0000000087800000|100%| O|  |TAMS 0x0000000087800000, 0x0000000087800000| Untracked 
| 120|0x0000000087800000, 0x0000000087900000, 0x0000000087900000|100%| O|  |TAMS 0x0000000087900000, 0x0000000087900000| Untracked 
| 121|0x0000000087900000, 0x0000000087a00000, 0x0000000087a00000|100%| O|  |TAMS 0x0000000087a00000, 0x0000000087a00000| Untracked 
| 122|0x0000000087a00000, 0x0000000087b00000, 0x0000000087b00000|100%| O|  |TAMS 0x0000000087b00000, 0x0000000087b00000| Untracked 
| 123|0x0000000087b00000, 0x0000000087c00000, 0x0000000087c00000|100%| O|  |TAMS 0x0000000087b9e800, 0x0000000087c00000| Untracked 
| 124|0x0000000087c00000, 0x0000000087d00000, 0x0000000087d00000|100%| O|  |TAMS 0x0000000087c00000, 0x0000000087d00000| Untracked 
| 125|0x0000000087d00000, 0x0000000087e00000, 0x0000000087e00000|100%| O|  |TAMS 0x0000000087d00000, 0x0000000087e00000| Untracked 
| 126|0x0000000087e00000, 0x0000000087e23400, 0x0000000087f00000| 13%| O|  |TAMS 0x0000000087e00000, 0x0000000087e23400| Untracked 
| 127|0x0000000087f00000, 0x0000000087f00000, 0x0000000088000000|  0%| F|  |TAMS 0x0000000087f00000, 0x0000000087f00000| Untracked 
| 128|0x0000000088000000, 0x0000000088000000, 0x0000000088100000|  0%| F|  |TAMS 0x0000000088000000, 0x0000000088000000| Untracked 
| 129|0x0000000088100000, 0x0000000088100000, 0x0000000088200000|  0%| F|  |TAMS 0x0000000088100000, 0x0000000088100000| Untracked 
| 130|0x0000000088200000, 0x0000000088200000, 0x0000000088300000|  0%| F|  |TAMS 0x0000000088200000, 0x0000000088200000| Untracked 
| 131|0x0000000088300000, 0x0000000088300000, 0x0000000088400000|  0%| F|  |TAMS 0x0000000088300000, 0x0000000088300000| Untracked 
| 132|0x0000000088400000, 0x0000000088400000, 0x0000000088500000|  0%| F|  |TAMS 0x0000000088400000, 0x0000000088400000| Untracked 
| 133|0x0000000088500000, 0x0000000088500000, 0x0000000088600000|  0%| F|  |TAMS 0x0000000088500000, 0x0000000088500000| Untracked 
| 134|0x0000000088600000, 0x0000000088600000, 0x0000000088700000|  0%| F|  |TAMS 0x0000000088600000, 0x0000000088600000| Untracked 
| 135|0x0000000088700000, 0x0000000088700000, 0x0000000088800000|  0%| F|  |TAMS 0x0000000088700000, 0x0000000088700000| Untracked 
| 136|0x0000000088800000, 0x0000000088800000, 0x0000000088900000|  0%| F|  |TAMS 0x0000000088800000, 0x0000000088800000| Untracked 
| 137|0x0000000088900000, 0x0000000088900000, 0x0000000088a00000|  0%| F|  |TAMS 0x0000000088900000, 0x0000000088900000| Untracked 
| 138|0x0000000088a00000, 0x0000000088a00000, 0x0000000088b00000|  0%| F|  |TAMS 0x0000000088a00000, 0x0000000088a00000| Untracked 
| 139|0x0000000088b00000, 0x0000000088b00000, 0x0000000088c00000|  0%| F|  |TAMS 0x0000000088b00000, 0x0000000088b00000| Untracked 
| 140|0x0000000088c00000, 0x0000000088c00000, 0x0000000088d00000|  0%| F|  |TAMS 0x0000000088c00000, 0x0000000088c00000| Untracked 
| 141|0x0000000088d00000, 0x0000000088d00000, 0x0000000088e00000|  0%| F|  |TAMS 0x0000000088d00000, 0x0000000088d00000| Untracked 
| 142|0x0000000088e00000, 0x0000000088e16d30, 0x0000000088f00000|  8%| S|CS|TAMS 0x0000000088e00000, 0x0000000088e00000| Complete 
| 143|0x0000000088f00000, 0x0000000089000000, 0x0000000089000000|100%| S|CS|TAMS 0x0000000088f00000, 0x0000000088f00000| Complete 
| 144|0x0000000089000000, 0x0000000089000000, 0x0000000089100000|  0%| F|  |TAMS 0x0000000089000000, 0x0000000089000000| Untracked 
| 145|0x0000000089100000, 0x0000000089100000, 0x0000000089200000|  0%| F|  |TAMS 0x0000000089100000, 0x0000000089100000| Untracked 
| 146|0x0000000089200000, 0x0000000089200000, 0x0000000089300000|  0%| F|  |TAMS 0x0000000089200000, 0x0000000089200000| Untracked 
| 147|0x0000000089300000, 0x0000000089300000, 0x0000000089400000|  0%| F|  |TAMS 0x0000000089300000, 0x0000000089300000| Untracked 
| 148|0x0000000089400000, 0x0000000089400000, 0x0000000089500000|  0%| F|  |TAMS 0x0000000089400000, 0x0000000089400000| Untracked 
| 149|0x0000000089500000, 0x0000000089500000, 0x0000000089600000|  0%| F|  |TAMS 0x0000000089500000, 0x0000000089500000| Untracked 
| 150|0x0000000089600000, 0x0000000089600000, 0x0000000089700000|  0%| F|  |TAMS 0x0000000089600000, 0x0000000089600000| Untracked 
| 151|0x0000000089700000, 0x000000008976b028, 0x0000000089800000| 41%| E|  |TAMS 0x0000000089700000, 0x0000000089700000| Complete 
| 152|0x0000000089800000, 0x0000000089900000, 0x0000000089900000|100%| E|CS|TAMS 0x0000000089800000, 0x0000000089800000| Complete 
| 153|0x0000000089900000, 0x0000000089a00000, 0x0000000089a00000|100%| E|CS|TAMS 0x0000000089900000, 0x0000000089900000| Complete 

Card table byte_map: [0x0000021252550000,0x0000021252950000] _byte_map_base: 0x0000021252150000

Marking Bits (Prev, Next): (CMBitMap*) 0x000002123ebddfe0, (CMBitMap*) 0x000002123ebddfa8
 Prev Bits: [0x0000021254d50000, 0x0000021256d50000)
 Next Bits: [0x0000021252d50000, 0x0000021254d50000)

Polling page: 0x00000212426a0000

Metaspace:

Usage:
  Non-class:     93.37 MB capacity,    91.53 MB ( 98%) used,     1.54 MB (  2%) free+waste,   308.81 KB ( <1%) overhead. 
      Class:     14.47 MB capacity,    13.46 MB ( 93%) used,   890.97 KB (  6%) free+waste,   142.63 KB ( <1%) overhead. 
       Both:    107.84 MB capacity,   104.99 MB ( 97%) used,     2.41 MB (  2%) free+waste,   451.44 KB ( <1%) overhead. 

Virtual space:
  Non-class space:       94.00 MB reserved,      93.41 MB (>99%) committed 
      Class space:        1.00 GB reserved,      14.50 MB (  1%) committed 
             Both:        1.09 GB reserved,     107.91 MB ( 10%) committed 

Chunk freelists:
   Non-Class:  46.00 KB
       Class:  0 bytes
        Both:  46.00 KB

MaxMetaspaceSize: 17179869184.00 GB
CompressedClassSpaceSize: 1.00 GB

CodeHeap 'non-profiled nmethods': size=120000Kb used=8361Kb max_used=8361Kb free=111638Kb
 bounds [0x000002124a190000, 0x000002124a9c0000, 0x00000212516c0000]
CodeHeap 'profiled nmethods': size=120000Kb used=27748Kb max_used=27748Kb free=92251Kb
 bounds [0x0000021242c60000, 0x0000021244780000, 0x000002124a190000]
CodeHeap 'non-nmethods': size=5760Kb used=2352Kb max_used=2410Kb free=3407Kb
 bounds [0x00000212426c0000, 0x0000021242930000, 0x0000021242c60000]
 total_blobs=13543 nmethods=12571 adapters=880
 compilation: enabled
              stopped_count=0, restarted_count=0
 full_count=0

Compilation events (20 events):
Event: 94.371 Thread 0x000002125a1bd800 12618       3       sun.security.ssl.CipherSuite$KeyExchange::isAvailable (46 bytes)
Event: 94.371 Thread 0x000002125a1bd800 nmethod 12618 0x0000021244772590 code [0x0000021244772760, 0x0000021244772a08]
Event: 94.373 Thread 0x000002125a1bd800 12620       3       sun.security.util.DisabledAlgorithmConstraints$Constraints::getConstraints (20 bytes)
Event: 94.373 Thread 0x000002125a1bd800 nmethod 12620 0x0000021244772b10 code [0x0000021244772d20, 0x0000021244773208]
Event: 94.373 Thread 0x000002125a1bd800 12619       3       sun.security.util.AlgorithmDecomposer::getAliases (50 bytes)
Event: 94.374 Thread 0x000002125a1bd800 nmethod 12619 0x0000021244773390 code [0x0000021244773600, 0x0000021244774268]
Event: 94.374 Thread 0x000002125a1bd800 12622       3       java.math.MutableBigInteger::divideKnuth (8 bytes)
Event: 94.374 Thread 0x000002125a1bc000 12623       4       sun.security.ec.XECOperations::bitAt (23 bytes)
Event: 94.374 Thread 0x000002125a1bd800 nmethod 12622 0x0000021244774590 code [0x0000021244774740, 0x00000212447748e8]
Event: 94.374 Thread 0x000002125a1bd800 12621       3       sun.security.ssl.Record::putInt16 (31 bytes)
Event: 94.374 Thread 0x000002125a1bd800 nmethod 12621 0x0000021244774990 code [0x0000021244774b80, 0x0000021244775028]
Event: 94.374 Thread 0x000002125a1bd800 12627       3       sun.security.jca.ProviderList::getService (120 bytes)
Event: 94.374 Thread 0x000002125a1bc000 nmethod 12623 0x000002124a9b9510 code [0x000002124a9b96a0, 0x000002124a9b9778]
Event: 94.374 Thread 0x000002125a1bc000 12624       4       sun.security.util.math.intpoly.IntegerPolynomial$MutableElement::setDifference (6 bytes)
Event: 94.375 Thread 0x000002125a1bd800 nmethod 12627 0x0000021244775190 code [0x0000021244775440, 0x0000021244776248]
Event: 94.375 Thread 0x000002125a1bd800 12626   !   3       sun.security.jca.GetInstance::getInstance (130 bytes)
Event: 94.377 Thread 0x000002125a1bd800 nmethod 12626 0x0000021244776810 code [0x0000021244776c20, 0x0000021244778808]
Event: 94.380 Thread 0x000002125a1bc000 nmethod 12624 0x000002124a9b9890 code [0x000002124a9b9a40, 0x000002124a9b9cb8]
Event: 94.380 Thread 0x000002125a1bc000 12625       4       sun.security.util.math.intpoly.IntegerPolynomial$MutableElement::setSum (6 bytes)
Event: 94.385 Thread 0x000002125a1bc000 nmethod 12625 0x000002124a9b9f10 code [0x000002124a9ba0c0, 0x000002124a9ba338]

GC Heap History (20 events):
Event: 88.238 GC heap before
{Heap before GC invocations=53 (full 0):
 garbage-first heap   total 157696K, used 136831K [0x0000000080000000, 0x0000000100000000)
  region size 1024K, 16 young (16384K), 2 survivors (2048K)
 Metaspace       used 102601K, capacity 105312K, committed 105512K, reserved 1140736K
  class space    used 13222K, capacity 14160K, committed 14208K, reserved 1048576K
}
Event: 88.244 GC heap after
{Heap after GC invocations=54 (full 0):
 garbage-first heap   total 157696K, used 123630K [0x0000000080000000, 0x0000000100000000)
  region size 1024K, 1 young (1024K), 1 survivors (1024K)
 Metaspace       used 102601K, capacity 105312K, committed 105512K, reserved 1140736K
  class space    used 13222K, capacity 14160K, committed 14208K, reserved 1048576K
}
Event: 88.584 GC heap before
{Heap before GC invocations=54 (full 0):
 garbage-first heap   total 157696K, used 137966K [0x0000000080000000, 0x0000000100000000)
  region size 1024K, 15 young (15360K), 1 survivors (1024K)
 Metaspace       used 103701K, capacity 106432K, committed 106664K, reserved 1142784K
  class space    used 13362K, capacity 14320K, committed 14336K, reserved 1048576K
}
Event: 88.591 GC heap after
{Heap after GC invocations=55 (full 0):
 garbage-first heap   total 157696K, used 123834K [0x0000000080000000, 0x0000000100000000)
  region size 1024K, 2 young (2048K), 2 survivors (2048K)
 Metaspace       used 103701K, capacity 106432K, committed 106664K, reserved 1142784K
  class space    used 13362K, capacity 14320K, committed 14336K, reserved 1048576K
}
Event: 88.819 GC heap before
{Heap before GC invocations=56 (full 0):
 garbage-first heap   total 157696K, used 137146K [0x0000000080000000, 0x0000000100000000)
  region size 1024K, 15 young (15360K), 2 survivors (2048K)
 Metaspace       used 104678K, capacity 107360K, committed 107560K, reserved 1142784K
  class space    used 13468K, capacity 14416K, committed 14464K, reserved 1048576K
}
Event: 88.824 GC heap after
{Heap after GC invocations=57 (full 0):
 garbage-first heap   total 157696K, used 124557K [0x0000000080000000, 0x0000000100000000)
  region size 1024K, 2 young (2048K), 2 survivors (2048K)
 Metaspace       used 104678K, capacity 107360K, committed 107560K, reserved 1142784K
  class space    used 13468K, capacity 14416K, committed 14464K, reserved 1048576K
}
Event: 89.303 GC heap before
{Heap before GC invocations=57 (full 0):
 garbage-first heap   total 157696K, used 137869K [0x0000000080000000, 0x0000000100000000)
  region size 1024K, 15 young (15360K), 2 survivors (2048K)
 Metaspace       used 105511K, capacity 108166K, committed 108456K, reserved 1142784K
  class space    used 13574K, capacity 14513K, committed 14592K, reserved 1048576K
}
Event: 89.314 GC heap after
{Heap after GC invocations=58 (full 0):
 garbage-first heap   total 157696K, used 125291K [0x0000000080000000, 0x0000000100000000)
  region size 1024K, 2 young (2048K), 2 survivors (2048K)
 Metaspace       used 105511K, capacity 108166K, committed 108456K, reserved 1142784K
  class space    used 13574K, capacity 14513K, committed 14592K, reserved 1048576K
}
Event: 89.644 GC heap before
{Heap before GC invocations=59 (full 0):
 garbage-first heap   total 157696K, used 138603K [0x0000000080000000, 0x0000000100000000)
  region size 1024K, 15 young (15360K), 2 survivors (2048K)
 Metaspace       used 106368K, capacity 109054K, committed 109352K, reserved 1144832K
  class space    used 13667K, capacity 14616K, committed 14720K, reserved 1048576K
}
Event: 89.650 GC heap after
{Heap after GC invocations=60 (full 0):
 garbage-first heap   total 157696K, used 126596K [0x0000000080000000, 0x0000000100000000)
  region size 1024K, 2 young (2048K), 2 survivors (2048K)
 Metaspace       used 106368K, capacity 109054K, committed 109352K, reserved 1144832K
  class space    used 13667K, capacity 14616K, committed 14720K, reserved 1048576K
}
Event: 90.138 GC heap before
{Heap before GC invocations=60 (full 0):
 garbage-first heap   total 157696K, used 137860K [0x0000000080000000, 0x0000000100000000)
  region size 1024K, 13 young (13312K), 2 survivors (2048K)
 Metaspace       used 106685K, capacity 109305K, committed 109608K, reserved 1144832K
  class space    used 13688K, capacity 14651K, committed 14720K, reserved 1048576K
}
Event: 90.143 GC heap after
{Heap after GC invocations=61 (full 0):
 garbage-first heap   total 157696K, used 128075K [0x0000000080000000, 0x0000000100000000)
  region size 1024K, 2 young (2048K), 2 survivors (2048K)
 Metaspace       used 106685K, capacity 109305K, committed 109608K, reserved 1144832K
  class space    used 13688K, capacity 14651K, committed 14720K, reserved 1048576K
}
Event: 90.246 GC heap before
{Heap before GC invocations=61 (full 0):
 garbage-first heap   total 157696K, used 137291K [0x0000000080000000, 0x0000000100000000)
  region size 1024K, 11 young (11264K), 2 survivors (2048K)
 Metaspace       used 106776K, capacity 109436K, committed 109608K, reserved 1144832K
  class space    used 13688K, capacity 14651K, committed 14720K, reserved 1048576K
}
Event: 90.250 GC heap after
{Heap after GC invocations=62 (full 0):
 garbage-first heap   total 157696K, used 128659K [0x0000000080000000, 0x0000000100000000)
  region size 1024K, 1 young (1024K), 1 survivors (1024K)
 Metaspace       used 106776K, capacity 109436K, committed 109608K, reserved 1144832K
  class space    used 13688K, capacity 14651K, committed 14720K, reserved 1048576K
}
Event: 90.366 GC heap before
{Heap before GC invocations=62 (full 0):
 garbage-first heap   total 157696K, used 137875K [0x0000000080000000, 0x0000000100000000)
  region size 1024K, 10 young (10240K), 1 survivors (1024K)
 Metaspace       used 106828K, capacity 109565K, committed 109864K, reserved 1144832K
  class space    used 13688K, capacity 14651K, committed 14720K, reserved 1048576K
}
Event: 90.369 GC heap after
{Heap after GC invocations=63 (full 0):
 garbage-first heap   total 157696K, used 129195K [0x0000000080000000, 0x0000000100000000)
  region size 1024K, 2 young (2048K), 2 survivors (2048K)
 Metaspace       used 106828K, capacity 109565K, committed 109864K, reserved 1144832K
  class space    used 13688K, capacity 14651K, committed 14720K, reserved 1048576K
}
Event: 90.473 GC heap before
{Heap before GC invocations=64 (full 0):
 garbage-first heap   total 157696K, used 137387K [0x0000000080000000, 0x0000000100000000)
  region size 1024K, 10 young (10240K), 2 survivors (2048K)
 Metaspace       used 107278K, capacity 110244K, committed 110504K, reserved 1144832K
  class space    used 13759K, capacity 14781K, committed 14848K, reserved 1048576K
}
Event: 90.476 GC heap after
{Heap after GC invocations=65 (full 0):
 garbage-first heap   total 157696K, used 129896K [0x0000000080000000, 0x0000000100000000)
  region size 1024K, 2 young (2048K), 2 survivors (2048K)
 Metaspace       used 107278K, capacity 110244K, committed 110504K, reserved 1144832K
  class space    used 13759K, capacity 14781K, committed 14848K, reserved 1048576K
}
Event: 94.255 GC heap before
{Heap before GC invocations=65 (full 0):
 garbage-first heap   total 157696K, used 137064K [0x0000000080000000, 0x0000000100000000)
  region size 1024K, 10 young (10240K), 2 survivors (2048K)
 Metaspace       used 107503K, capacity 110430K, committed 110504K, reserved 1144832K
  class space    used 13786K, capacity 14820K, committed 14848K, reserved 1048576K
}
Event: 94.266 GC heap after
{Heap after GC invocations=66 (full 0):
 garbage-first heap   total 157696K, used 130280K [0x0000000080000000, 0x0000000100000000)
  region size 1024K, 2 young (2048K), 2 survivors (2048K)
 Metaspace       used 107503K, capacity 110430K, committed 110504K, reserved 1144832K
  class space    used 13786K, capacity 14820K, committed 14848K, reserved 1048576K
}

Deoptimization events (20 events):
Event: 90.398 Thread 0x000002125bb84000 DEOPT PACKING pc=0x0000021244182af7 sp=0x00000079797f7310
Event: 90.398 Thread 0x000002125bb84000 DEOPT UNPACKING pc=0x00000212426e6dde sp=0x00000079797f6810 mode 0
Event: 90.547 Thread 0x000002125bb84000 Uncommon trap: trap_request=0xffffffc6 fr.pc=0x000002124a651288 relative=0x0000000000000148
Event: 90.547 Thread 0x000002125bb84000 Uncommon trap: reason=bimorphic_or_optimized_type_check action=maybe_recompile pc=0x000002124a651288 method=java.util.regex.Pattern$BmpCharPredicate.lambda$union$2(Ljava/util/regex/Pattern$CharPredicate;I)Z @ 12 c2
Event: 90.547 Thread 0x000002125bb84000 DEOPT PACKING pc=0x000002124a651288 sp=0x00000079797fb770
Event: 90.547 Thread 0x000002125bb84000 DEOPT UNPACKING pc=0x00000212426e662f sp=0x00000079797fb688 mode 2
Event: 90.547 Thread 0x000002125bb84000 Uncommon trap: trap_request=0xffffffc6 fr.pc=0x000002124a651288 relative=0x0000000000000148
Event: 90.547 Thread 0x000002125bb84000 Uncommon trap: reason=bimorphic_or_optimized_type_check action=maybe_recompile pc=0x000002124a651288 method=java.util.regex.Pattern$BmpCharPredicate.lambda$union$2(Ljava/util/regex/Pattern$CharPredicate;I)Z @ 12 c2
Event: 90.547 Thread 0x000002125bb84000 DEOPT PACKING pc=0x000002124a651288 sp=0x00000079797fb770
Event: 90.547 Thread 0x000002125bb84000 DEOPT UNPACKING pc=0x00000212426e662f sp=0x00000079797fb688 mode 2
Event: 90.547 Thread 0x000002125bb84000 Uncommon trap: trap_request=0xffffffc6 fr.pc=0x000002124a651288 relative=0x0000000000000148
Event: 90.547 Thread 0x000002125bb84000 Uncommon trap: reason=bimorphic_or_optimized_type_check action=maybe_recompile pc=0x000002124a651288 method=java.util.regex.Pattern$BmpCharPredicate.lambda$union$2(Ljava/util/regex/Pattern$CharPredicate;I)Z @ 12 c2
Event: 90.547 Thread 0x000002125bb84000 DEOPT PACKING pc=0x000002124a651288 sp=0x00000079797fb620
Event: 90.547 Thread 0x000002125bb84000 DEOPT UNPACKING pc=0x00000212426e662f sp=0x00000079797fb538 mode 2
Event: 90.547 Thread 0x000002125bb84000 Uncommon trap: trap_request=0xffffffc6 fr.pc=0x000002124a651288 relative=0x0000000000000148
Event: 90.547 Thread 0x000002125bb84000 Uncommon trap: reason=bimorphic_or_optimized_type_check action=maybe_recompile pc=0x000002124a651288 method=java.util.regex.Pattern$BmpCharPredicate.lambda$union$2(Ljava/util/regex/Pattern$CharPredicate;I)Z @ 12 c2
Event: 90.547 Thread 0x000002125bb84000 DEOPT PACKING pc=0x000002124a651288 sp=0x00000079797fb620
Event: 90.547 Thread 0x000002125bb84000 DEOPT UNPACKING pc=0x00000212426e662f sp=0x00000079797fb538 mode 2
Event: 94.324 Thread 0x000002125bb84000 DEOPT PACKING pc=0x00000212436318f1 sp=0x00000079797f90c0
Event: 94.325 Thread 0x000002125bb84000 DEOPT UNPACKING pc=0x00000212426e6dde sp=0x00000079797f85b8 mode 0

Classes redefined (0 events):
No events

Internal exceptions (20 events):
Event: 71.994 Thread 0x000002125c3c7000 Exception <a 'java/lang/IncompatibleClassChangeError'{0x00000000898193c8}: Found class java.lang.Object, but interface was expected> (0x00000000898193c8) thrown at [./src/hotspot/share/interpreter/linkResolver.cpp, line 839]
Event: 71.994 Thread 0x000002125ceaa000 Exception <a 'java/lang/IncompatibleClassChangeError'{0x0000000089809268}: Found class java.lang.Object, but interface was expected> (0x0000000089809268) thrown at [./src/hotspot/share/interpreter/linkResolver.cpp, line 839]
Event: 72.067 Thread 0x000002125c6bb000 Exception <a 'java/lang/NoSuchMethodError'{0x00000000896ffbf0}: 'int java.lang.invoke.DirectMethodHandle$Holder.invokeStaticInit(java.lang.Object, java.lang.Object, java.lang.Object, java.lang.Object, java.lang.Object)'> (0x00000000896ffbf0) thrown at [./src/hotspot/share/interpreter/linkResolver.cpp, line 773]
Event: 72.658 Thread 0x000002125c3c5800 Implicit null exception at 0x000002124a7c6600 to 0x000002124a7c7e44
Event: 73.601 Thread 0x000002125a880000 Exception <a 'sun/nio/fs/WindowsException'{0x00000000891c5660}> (0x00000000891c5660) thrown at [./src/hotspot/share/prims/jni.cpp, line 615]
Event: 77.140 Thread 0x000002125a880000 Implicit null exception at 0x000002124a491c77 to 0x000002124a491e00
Event: 77.214 Thread 0x000002125a880000 Exception <a 'java/lang/NoSuchMethodError'{0x000000008989e410}: 'void java.lang.invoke.DirectMethodHandle$Holder.invokeVirtual(java.lang.Object, java.lang.Object)'> (0x000000008989e410) thrown at [./src/hotspot/share/interpreter/linkResolver.cpp, line 773]
Event: 77.270 Thread 0x000002125a880000 Exception <a 'java/lang/NoSuchMethodError'{0x000000008962e6a8}: 'void java.lang.invoke.DirectMethodHandle$Holder.invokeStatic(java.lang.Object, java.lang.Object, java.lang.Object, java.lang.Object, java.lang.Object, java.lang.Object, java.lang.Object)'> (0x000000008962e6a8) thrown at [./src/hotspot/share/interpreter/linkResolver.cpp, line 773]
Event: 81.195 Thread 0x000002125bb84000 Implicit null exception at 0x000002124a48466b to 0x000002124a48468c
Event: 81.214 Thread 0x000002125bb84000 Implicit null exception at 0x000002124a5a5614 to 0x000002124a5a5bec
Event: 82.298 Thread 0x000002125bb84000 Exception <a 'java/lang/NoSuchMethodError'{0x0000000088b5a760}: 'void java.lang.invoke.DirectMethodHandle$Holder.invokeSpecial(java.lang.Object, java.lang.Object, java.lang.Object, java.lang.Object, int, java.lang.Object, java.lang.Object)'> (0x0000000088b5a760) thrown at [./src/hotspot/share/interpreter/linkResolver.cpp, line 773]
Event: 83.927 Thread 0x000002125bb84000 Exception <a 'java/lang/NoSuchMethodError'{0x0000000088b2a578}: 'int java.lang.invoke.DirectMethodHandle$Holder.invokeSpecialIFC(java.lang.Object, java.lang.Object, java.lang.Object)'> (0x0000000088b2a578) thrown at [./src/hotspot/share/interpreter/linkResolver.cpp, line 773]
Event: 84.010 Thread 0x000002125bb84000 Exception <a 'java/lang/NoSuchMethodError'{0x000000008951a2e0}: 'void java.lang.invoke.DirectMethodHandle$Holder.invokeStatic(java.lang.Object, int, java.lang.Object)'> (0x000000008951a2e0) thrown at [./src/hotspot/share/interpreter/linkResolver.cpp, line 773]
Event: 85.286 Thread 0x000002125bb84000 Exception <a 'java/lang/NoSuchMethodError'{0x0000000088d6bd38}: 'java.lang.Object java.lang.invoke.DirectMethodHandle$Holder.invokeStatic(java.lang.Object, java.lang.Object, java.lang.Object, java.lang.Object, java.lang.Object, java.lang.Object, java.lang.Object, java.lang.Object, java.lang.Object, java.lang.Object, java.lang.Object, java.lang.Object, java.lang.Object, java.lang.Object, java.lang.Object, java.lang.Object, java.lang.Object, java.lang.Object, int, java.lang.Object)'> (0x0000000088d6bd38) thr
Event: 85.287 Thread 0x000002125bb84000 Exception <a 'java/lang/NoSuchMethodError'{0x0000000088d71dc0}: 'java.lang.Object java.lang.invoke.DirectMethodHandle$Holder.invokeStaticInit(java.lang.Object, java.lang.Object, java.lang.Object, java.lang.Object, java.lang.Object, java.lang.Object, java.lang.Object, java.lang.Object, java.lang.Object, java.lang.Object, java.lang.Object, java.lang.Object, java.lang.Object, java.lang.Object, java.lang.Object, java.lang.Object, java.lang.Object, java.lang.Object, int, java.lang.Object)'> (0x0000000088d71dc0)
Event: 85.409 Thread 0x000002125bb84000 Exception <a 'java/lang/NoSuchMethodError'{0x0000000088b496f0}: 'int java.lang.invoke.DirectMethodHandle$Holder.invokeVirtual(java.lang.Object, java.lang.Object, java.lang.Object, java.lang.Object)'> (0x0000000088b496f0) thrown at [./src/hotspot/share/interpreter/linkResolver.cpp, line 773]
Event: 85.512 Thread 0x000002125bb84000 Exception <a 'java/lang/NoSuchMethodError'{0x00000000898bad58}: 'java.lang.Object java.lang.invoke.DirectMethodHandle$Holder.invokeStatic(java.lang.Object, int, java.lang.Object, java.lang.Object)'> (0x00000000898bad58) thrown at [./src/hotspot/share/interpreter/linkResolver.cpp, line 773]
Event: 86.106 Thread 0x000002125bb84000 Implicit null exception at 0x000002124a8ec56f to 0x000002124a8eca2c
Event: 86.890 Thread 0x000002125b35f000 Exception <a 'sun/nio/fs/WindowsException'{0x000000008948bfb0}> (0x000000008948bfb0) thrown at [./src/hotspot/share/prims/jni.cpp, line 615]
Event: 90.069 Thread 0x000002125bb84000 Exception <a 'java/lang/reflect/InvocationTargetException'{0x00000000895b8358}> (0x00000000895b8358) thrown at [./src/hotspot/share/runtime/reflection.cpp, line 1247]

Events (20 events):
Event: 92.111 loading class org/gradle/internal/resource/metadata/ExternalResourceMetaData
Event: 92.111 loading class org/gradle/internal/resource/metadata/ExternalResourceMetaData done
Event: 92.112 loading class org/gradle/internal/resource/metadata/ExternalResourceMetaData
Event: 92.112 loading class org/gradle/internal/resource/metadata/ExternalResourceMetaData done
Event: 92.112 loading class org/gradle/internal/resource/metadata/ExternalResourceMetaData
Event: 92.112 loading class org/gradle/internal/resource/metadata/ExternalResourceMetaData done
Event: 92.112 loading class org/gradle/internal/resource/metadata/ExternalResourceMetaDataCompare
Event: 92.112 loading class org/gradle/internal/resource/metadata/ExternalResourceMetaDataCompare done
Event: 94.255 Executing VM operation: G1CollectForAllocation
Event: 94.266 Executing VM operation: G1CollectForAllocation done
Event: 94.266 Executing VM operation: RevokeBias
Event: 94.267 Executing VM operation: RevokeBias done
Event: 94.268 Executing VM operation: RevokeBias
Event: 94.269 Executing VM operation: RevokeBias done
Event: 94.269 Executing VM operation: RevokeBias
Event: 94.270 Executing VM operation: RevokeBias done
Event: 94.270 Executing VM operation: RevokeBias
Event: 94.271 Executing VM operation: RevokeBias done
Event: 94.271 Executing VM operation: RevokeBias
Event: 94.271 Executing VM operation: RevokeBias done


Dynamic libraries:
0x00007ff605bc0000 - 0x00007ff605bca000 	C:\Program Files\Android\Android Studio\jre\bin\java.exe
0x00007ffe60990000 - 0x00007ffe60b85000 	C:\Windows\SYSTEM32\ntdll.dll
0x00007ffe60890000 - 0x00007ffe6094d000 	C:\Windows\System32\KERNEL32.DLL
0x00007ffe5e2a0000 - 0x00007ffe5e569000 	C:\Windows\System32\KERNELBASE.dll
0x00007ffe5e1a0000 - 0x00007ffe5e2a0000 	C:\Windows\System32\ucrtbase.dll
0x00007ffe37c40000 - 0x00007ffe37c57000 	C:\Program Files\Android\Android Studio\jre\bin\VCRUNTIME140.dll
0x00007ffe3c700000 - 0x00007ffe3c719000 	C:\Program Files\Android\Android Studio\jre\bin\jli.dll
0x00007ffe5f3c0000 - 0x00007ffe5f560000 	C:\Windows\System32\USER32.dll
0x00007ffe5e7c0000 - 0x00007ffe5e7e2000 	C:\Windows\System32\win32u.dll
0x00007ffe52cd0000 - 0x00007ffe52f6a000 	C:\Windows\WinSxS\amd64_microsoft.windows.common-controls_6595b64144ccf1df_6.0.19041.1110_none_60b5254171f9507e\COMCTL32.dll
0x00007ffe5f0a0000 - 0x00007ffe5f0ca000 	C:\Windows\System32\GDI32.dll
0x00007ffe60190000 - 0x00007ffe6022e000 	C:\Windows\System32\msvcrt.dll
0x00007ffe5e570000 - 0x00007ffe5e67b000 	C:\Windows\System32\gdi32full.dll
0x00007ffe5e950000 - 0x00007ffe5e9ed000 	C:\Windows\System32\msvcp_win.dll
0x00007ffe5ec30000 - 0x00007ffe5ec60000 	C:\Windows\System32\IMM32.DLL
0x00007ffe1ff70000 - 0x00007ffe2000d000 	C:\Program Files\Android\Android Studio\jre\bin\msvcp140.dll
0x00007ffe15850000 - 0x00007ffe16325000 	C:\Program Files\Android\Android Studio\jre\bin\server\jvm.dll
0x00007ffe5f310000 - 0x00007ffe5f3bc000 	C:\Windows\System32\ADVAPI32.dll
0x00007ffe5f560000 - 0x00007ffe5f5fb000 	C:\Windows\System32\sechost.dll
0x00007ffe5f0d0000 - 0x00007ffe5f1fa000 	C:\Windows\System32\RPCRT4.dll
0x00007ffe5f740000 - 0x00007ffe5f748000 	C:\Windows\System32\PSAPI.DLL
0x00007ffe52af0000 - 0x00007ffe52b17000 	C:\Windows\SYSTEM32\WINMM.dll
0x00007ffe4d060000 - 0x00007ffe4d069000 	C:\Windows\SYSTEM32\WSOCK32.dll
0x00007ffe561f0000 - 0x00007ffe561fa000 	C:\Windows\SYSTEM32\VERSION.dll
0x00007ffe600a0000 - 0x00007ffe6010b000 	C:\Windows\System32\WS2_32.dll
0x00007ffe5c9a0000 - 0x00007ffe5c9b2000 	C:\Windows\SYSTEM32\kernel.appcore.dll
0x00007ffe33960000 - 0x00007ffe33971000 	C:\Program Files\Android\Android Studio\jre\bin\verify.dll
0x00007ffe5bd30000 - 0x00007ffe5bf14000 	C:\Windows\SYSTEM32\DBGHELP.DLL
0x00007ffe46c20000 - 0x00007ffe46c4c000 	C:\Windows\SYSTEM32\dbgcore.DLL
0x00007ffe5e110000 - 0x00007ffe5e193000 	C:\Windows\System32\bcryptPrimitives.dll
0x00007ffe2b5a0000 - 0x00007ffe2b5c9000 	C:\Program Files\Android\Android Studio\jre\bin\java.dll
0x00007ffe54f50000 - 0x00007ffe54f5b000 	C:\Program Files\Android\Android Studio\jre\bin\jimage.dll
0x00007ffe330f0000 - 0x00007ffe33108000 	C:\Program Files\Android\Android Studio\jre\bin\zip.dll
0x00007ffe5f880000 - 0x00007ffe5ffbf000 	C:\Windows\System32\SHELL32.dll
0x00007ffe5c0b0000 - 0x00007ffe5c840000 	C:\Windows\SYSTEM32\windows.storage.dll
0x00007ffe5ed40000 - 0x00007ffe5f095000 	C:\Windows\System32\combase.dll
0x00007ffe5da50000 - 0x00007ffe5da7c000 	C:\Windows\SYSTEM32\Wldp.dll
0x00007ffe5f610000 - 0x00007ffe5f6be000 	C:\Windows\System32\SHCORE.dll
0x00007ffe5f6e0000 - 0x00007ffe5f735000 	C:\Windows\System32\shlwapi.dll
0x00007ffe5e000000 - 0x00007ffe5e01f000 	C:\Windows\SYSTEM32\profapi.dll
0x00007ffe320f0000 - 0x00007ffe3210a000 	C:\Program Files\Android\Android Studio\jre\bin\net.dll
0x00007ffe56500000 - 0x00007ffe56608000 	C:\Windows\SYSTEM32\WINHTTP.dll
0x00007ffe5d7b0000 - 0x00007ffe5d81a000 	C:\Windows\system32\mswsock.dll
0x00007ffe2edd0000 - 0x00007ffe2ede4000 	C:\Program Files\Android\Android Studio\jre\bin\nio.dll
0x00007ffe37c60000 - 0x00007ffe37c87000 	C:\Users\DELL\.gradle\native\e1d6ef7f7dcc3fd88c89a11ec53ec762bb8ba0a96d01ffa2cd45eb1d1d8dd5c5\windows-amd64\native-platform.dll
0x00007ffe1e7a0000 - 0x00007ffe1e8e4000 	C:\Users\DELL\.gradle\native\5664cfc778a61ccfe75a443a1ab52a65af34e5dc3c78e0209fed803814484fcb\windows-amd64\native-platform-file-events.dll
0x00007ffe53ba0000 - 0x00007ffe53baa000 	C:\Program Files\Android\Android Studio\jre\bin\management.dll
0x00007ffe50830000 - 0x00007ffe5083d000 	C:\Program Files\Android\Android Studio\jre\bin\management_ext.dll
0x00007ffe5d9b0000 - 0x00007ffe5d9c8000 	C:\Windows\SYSTEM32\CRYPTSP.dll
0x00007ffe5d130000 - 0x00007ffe5d164000 	C:\Windows\system32\rsaenh.dll
0x00007ffe5e790000 - 0x00007ffe5e7b7000 	C:\Windows\System32\bcrypt.dll
0x00007ffe5df80000 - 0x00007ffe5dfae000 	C:\Windows\SYSTEM32\USERENV.dll
0x00007ffe5d9a0000 - 0x00007ffe5d9ac000 	C:\Windows\SYSTEM32\CRYPTBASE.dll
0x00007ffe5d4a0000 - 0x00007ffe5d4db000 	C:\Windows\SYSTEM32\IPHLPAPI.DLL
0x00007ffe5ec60000 - 0x00007ffe5ec68000 	C:\Windows\System32\NSI.dll
0x00007ffe538a0000 - 0x00007ffe538b7000 	C:\Windows\SYSTEM32\dhcpcsvc6.DLL
0x00007ffe53970000 - 0x00007ffe5398d000 	C:\Windows\SYSTEM32\dhcpcsvc.DLL
0x00007ffe5d4e0000 - 0x00007ffe5d5ac000 	C:\Windows\SYSTEM32\DNSAPI.dll
0x00007ffe3a960000 - 0x00007ffe3a987000 	C:\Program Files\Android\Android Studio\jre\bin\sunec.dll
0x00007ffe504c0000 - 0x00007ffe504ca000 	C:\Windows\System32\rasadhlp.dll
0x00007ffe528a0000 - 0x00007ffe5291f000 	C:\Windows\System32\fwpuclnt.dll

dbghelp: loaded successfully - version: 4.0.5 - missing functions: none
symbol engine: initialized successfully - sym options: 0x614 - pdb path: .;C:\Program Files\Android\Android Studio\jre\bin;C:\Windows\SYSTEM32;C:\Windows\WinSxS\amd64_microsoft.windows.common-controls_6595b64144ccf1df_6.0.19041.1110_none_60b5254171f9507e;C:\Program Files\Android\Android Studio\jre\bin\server;C:\Users\DELL\.gradle\native\e1d6ef7f7dcc3fd88c89a11ec53ec762bb8ba0a96d01ffa2cd45eb1d1d8dd5c5\windows-amd64;C:\Users\DELL\.gradle\native\5664cfc778a61ccfe75a443a1ab52a65af34e5dc3c78e0209fed803814484fcb\windows-amd64

VM Arguments:
jvm_args: --add-opens=java.base/java.util=ALL-UNNAMED --add-opens=java.base/java.lang=ALL-UNNAMED --add-opens=java.base/java.lang.invoke=ALL-UNNAMED --add-opens=java.base/java.util=ALL-UNNAMED --add-opens=java.prefs/java.util.prefs=ALL-UNNAMED --add-opens=java.prefs/java.util.prefs=ALL-UNNAMED --add-opens=java.base/java.nio.charset=ALL-UNNAMED --add-opens=java.base/java.net=ALL-UNNAMED --add-opens=java.base/java.util.concurrent.atomic=ALL-UNNAMED -Xmx2048m -Dfile.encoding=UTF-8 -Duser.country=US -Duser.language=en -Duser.variant 
java_command: org.gradle.launcher.daemon.bootstrap.GradleDaemon 7.2
java_class_path (initial): C:\Users\DELL\.gradle\wrapper\dists\gradle-7.2-bin\2dnblmf4td7x66yl1d74lt32g\gradle-7.2\lib\gradle-launcher-7.2.jar
Launcher Type: SUN_STANDARD

[Global flags]
     intx CICompilerCount                          = 4                                         {product} {ergonomic}
     uint ConcGCThreads                            = 2                                         {product} {ergonomic}
     uint G1ConcRefinementThreads                  = 8                                         {product} {ergonomic}
   size_t G1HeapRegionSize                         = 1048576                                   {product} {ergonomic}
    uintx GCDrainStackTargetSize                   = 64                                        {product} {ergonomic}
   size_t InitialHeapSize                          = 134217728                                 {product} {ergonomic}
   size_t MarkStackSize                            = 4194304                                   {product} {ergonomic}
   size_t MaxHeapSize                              = 2147483648                                {product} {command line}
   size_t MaxNewSize                               = 1287651328                                {product} {ergonomic}
   size_t MinHeapDeltaBytes                        = 1048576                                   {product} {ergonomic}
    uintx NonNMethodCodeHeapSize                   = 5836300                                {pd product} {ergonomic}
    uintx NonProfiledCodeHeapSize                  = 122910970                              {pd product} {ergonomic}
    uintx ProfiledCodeHeapSize                     = 122910970                              {pd product} {ergonomic}
    uintx ReservedCodeCacheSize                    = 251658240                              {pd product} {ergonomic}
     bool SegmentedCodeCache                       = true                                      {product} {ergonomic}
     bool UseCompressedClassPointers               = true                                 {lp64_product} {ergonomic}
     bool UseCompressedOops                        = true                                 {lp64_product} {ergonomic}
     bool UseG1GC                                  = true                                      {product} {ergonomic}
     bool UseLargePagesIndividualAllocation        = false                                  {pd product} {ergonomic}

Logging:
Log output configuration:
 #0: stdout all=warning uptime,level,tags
 #1: stderr all=off uptime,level,tags

Environment Variables:
PATH=C:\Windows\system32;C:\Windows;C:\Windows\System32\Wbem;C:\Windows\System32\WindowsPowerShell\v1.0\;C:\Windows\System32\OpenSSH\;C:\Program Files\TortoiseGit\bin;C:\Program Files\Git\cmd;C:\Program Files\nodejs\;C:\Program Files\MySQL\MySQL Shell 8.0\bin\;C:\Users\DELL\AppData\Local\Programs\Python\Python39\Scripts\;C:\Users\DELL\AppData\Local\Programs\Python\Python39\;C:\Users\DELL\AppData\Local\Microsoft\WindowsApps;;C:\Program Files\JetBrains\PyCharm Community Edition 2021.1\bin;;C:\Users\DELL\AppData\Roaming\npm;C:\Users\DELL\AppData\Local\Programs\Microsoft VS Code\bin
USERNAME=DELL
OS=Windows_NT
PROCESSOR_IDENTIFIER=Intel64 Family 6 Model 142 Stepping 10, GenuineIntel



---------------  S Y S T E M  ---------------

OS: Windows 10 , 64 bit Build 19041 (10.0.19041.1151)
OS uptime: 1 days 19:14 hours

CPU:total 8 (initial active 8) (4 cores per cpu, 2 threads per core) family 6 model 142 stepping 10 microcode 0xea, cmov, cx8, fxsr, mmx, sse, sse2, sse3, ssse3, sse4.1, sse4.2, popcnt, avx, avx2, aes, clmul, erms, 3dnowpref, lzcnt, ht, tsc, tscinvbit, bmi1, bmi2, adx, fma

Memory: 4k page, system-wide physical 8089M (1293M free)
TotalPageFile size 12953M (AvailPageFile size 4878M)
current process WorkingSet (physical memory assigned to process): 460M, peak: 484M
current process commit charge ("private bytes"): 498M, peak: 524M

vm_info: OpenJDK 64-Bit Server VM (11.0.11+9-b60-7590822) for windows-amd64 JRE (11.0.11+9-b60-7590822), built on Jul 29 2021 21:43:44 by "builder" with MS VC++ 14.0 (VS2015)

END.
